#
# There is insufficient memory for the Java Runtime Environment to continue.
# Native memory allocation (mmap) failed to map 161480704 bytes for committing reserved memory.
# Possible reasons:
#   The system is out of physical RAM or swap space
#   The process is running with CompressedOops enabled, and the Java Heap may be blocking the growth of the native heap
# Possible solutions:
#   Reduce memory load on the system
#   Increase physical memory or swap space
#   Check if swap backing store is full
#   Decrease Java heap size (-Xmx/-Xms)
#   Decrease number of Java threads
#   Decrease Java thread stack sizes (-Xss)
#   Set larger code cache with -XX:ReservedCodeCacheSize=
#   JVM is running with Zero Based Compressed Oops mode in which the Java heap is
#     placed in the first 32GB address space. The Java Heap base address is the
#     maximum limit for the native heap growth. Please use -XX:HeapBaseMinAddress
#     to set the Java Heap base and to place the Java Heap above 32GB virtual address.
# This output file may be truncated or incomplete.
#
#  Out of Memory Error (os_linux.cpp:2756), pid=16627, tid=0x00007f2c0a326700
#
# JRE version: OpenJDK Runtime Environment (8.0_212-b03) (build 1.8.0_212-8u212-b03-0ubuntu1.18.04.1-b03)
# Java VM: OpenJDK 64-Bit Server VM (25.212-b03 mixed mode linux-amd64 compressed oops)
# Failed to write core dump. Core dumps have been disabled. To enable core dumping, try "ulimit -c unlimited" before starting Java again
#

---------------  T H R E A D  ---------------

Current thread (0x00007f2c20148800):  VMThread [stack: 0x00007f2c0a227000,0x00007f2c0a327000] [id=16647]

Stack: [0x00007f2c0a227000,0x00007f2c0a327000],  sp=0x00007f2c0a3254a0,  free space=1017k
Native frames: (J=compiled Java code, j=interpreted, Vv=VM code, C=native code)
V  [libjvm.so+0xab46a2]
V  [libjvm.so+0x4db6b7]
V  [libjvm.so+0x8ef7b0]
V  [libjvm.so+0x8e68ce]
V  [libjvm.so+0x96a406]
V  [libjvm.so+0x96b778]
V  [libjvm.so+0x967d76]
V  [libjvm.so+0x96810c]
V  [libjvm.so+0x916928]
V  [libjvm.so+0xab6372]
V  [libjvm.so+0xabaea6]
V  [libjvm.so+0xab91e5]
V  [libjvm.so+0xab9abd]
V  [libjvm.so+0xab9e97]
V  [libjvm.so+0x8ecb42]

VM_Operation (0x00007f2bb72e3780): ParallelGCFailedAllocation, mode: safepoint, requested by thread 0x00007f2c207bd800


---------------  P R O C E S S  ---------------

Java Threads: ( => current thread )
  0x00007f2bb0003800 JavaThread "Executor task launch worker for task 972" daemon [_thread_blocked, id=17026, stack(0x00007f2b839fc000,0x00007f2b83afd000)]
  0x00007f2bc4015800 JavaThread "Executor task launch worker for task 973" daemon [_thread_blocked, id=17023, stack(0x00007f2b83afd000,0x00007f2b83bfe000)]
  0x00007f2bb0001800 JavaThread "Executor task launch worker for task 970" daemon [_thread_blocked, id=17020, stack(0x00007f2b83dfe000,0x00007f2b83eff000)]
  0x00007f2bc400a800 JavaThread "task-result-getter-3" daemon [_thread_blocked, id=17019, stack(0x00007f2b83eff000,0x00007f2b84000000)]
  0x00007f2bc4009000 JavaThread "task-result-getter-2" daemon [_thread_blocked, id=17018, stack(0x00007f2bb409b000,0x00007f2bb419c000)]
  0x00007f2bc4007800 JavaThread "task-result-getter-1" daemon [_thread_blocked, id=17017, stack(0x00007f2bb419c000,0x00007f2bb429d000)]
  0x00007f2bc4047800 JavaThread "task-result-getter-0" daemon [_thread_blocked, id=17016, stack(0x00007f2bb429d000,0x00007f2bb439e000)]
  0x00007f2bbc028000 JavaThread "Executor task launch worker for task 605" daemon [_thread_blocked, id=17013, stack(0x00007f2bb439e000,0x00007f2bb449f000)]
  0x00007f2bbc052800 JavaThread "Executor task launch worker for task 971" daemon [_thread_blocked, id=17012, stack(0x00007f2bb449f000,0x00007f2bb45a0000)]
  0x00007f2bbc050800 JavaThread "Executor task launch worker for task 156" daemon [_thread_blocked, id=17011, stack(0x00007f2bb45a0000,0x00007f2bb46a1000)]
  0x00007f2bbc04f000 JavaThread "Executor task launch worker for task 93" daemon [_thread_blocked, id=17010, stack(0x00007f2bb46a1000,0x00007f2bb47a2000)]
  0x00007f2c203af800 JavaThread "org.apache.hadoop.fs.FileSystem$Statistics$StatisticsDataReferenceCleaner" daemon [_thread_blocked, id=16987, stack(0x00007f2bb4faf000,0x00007f2bb50b0000)]
  0x00007f2c212c5800 JavaThread "spark-listener-group-streams" daemon [_thread_blocked, id=16984, stack(0x00007f2bb50b0000,0x00007f2bb51b1000)]
  0x00007f2c21554800 JavaThread "spark-listener-group-shared" daemon [_thread_blocked, id=16965, stack(0x00007f2bb55b1000,0x00007f2bb56b2000)]
  0x00007f2bc4039000 JavaThread "element-tracking-store-worker" daemon [_thread_blocked, id=16964, stack(0x00007f2bb58b2000,0x00007f2bb59b3000)]
  0x00007f2c211f9000 JavaThread "spark-listener-group-executorManagement" daemon [_thread_blocked, id=16961, stack(0x00007f2bb59b3000,0x00007f2bb5ab4000)]
  0x00007f2c211f7000 JavaThread "spark-listener-group-appStatus" daemon [_thread_blocked, id=16960, stack(0x00007f2bb5ab4000,0x00007f2bb5bb5000)]
  0x00007f2c21201000 JavaThread "context-cleaner-periodic-gc" daemon [_thread_blocked, id=16959, stack(0x00007f2bb5bb5000,0x00007f2bb5cb6000)]
  0x00007f2c21200000 JavaThread "Spark Context Cleaner" daemon [_thread_blocked, id=16958, stack(0x00007f2bb5fd6000,0x00007f2bb60d7000)]
  0x00007f2c212f1800 JavaThread "shuffle-server-5-1" daemon [_thread_blocked, id=16953, stack(0x00007f2bb60d7000,0x00007f2bb61d8000)]
  0x00007f2c212a6800 JavaThread "driver-heartbeater" daemon [_thread_blocked, id=16952, stack(0x00007f2bb5eb6000,0x00007f2bb5fb7000)]
  0x00007f2c212a2000 JavaThread "dag-scheduler-event-loop" daemon [_thread_blocked, id=16949, stack(0x00007f2bb61d8000,0x00007f2bb62d9000)]
  0x00007f2ba000b800 JavaThread "netty-rpc-env-timeout" daemon [_thread_blocked, id=16948, stack(0x00007f2bb62d9000,0x00007f2bb63da000)]
  0x00007f2c211d1800 JavaThread "Timer-0" daemon [_thread_blocked, id=16945, stack(0x00007f2bb63da000,0x00007f2bb64db000)]
  0x00007f2bb8004000 JavaThread "heartbeat-receiver-event-loop-thread" daemon [_thread_blocked, id=16944, stack(0x00007f2bb64db000,0x00007f2bb65dc000)]
  0x00007f2c21184000 JavaThread "SparkUI-36" daemon [_thread_blocked, id=16937, stack(0x00007f2bb67dc000,0x00007f2bb68dd000)]
  0x00007f2c21182800 JavaThread "SparkUI-35" daemon [_thread_blocked, id=16936, stack(0x00007f2bb68dd000,0x00007f2bb69de000)]
  0x00007f2c21180800 JavaThread "SparkUI-34" daemon [_thread_blocked, id=16935, stack(0x00007f2bb69de000,0x00007f2bb6adf000)]
  0x00007f2c2117f000 JavaThread "SparkUI-33" daemon [_thread_blocked, id=16934, stack(0x00007f2bb6adf000,0x00007f2bb6be0000)]
  0x00007f2c2117d800 JavaThread "SparkUI-32" daemon [_thread_blocked, id=16933, stack(0x00007f2bb6be0000,0x00007f2bb6ce1000)]
  0x00007f2c2117b800 JavaThread "SparkUI-31-acceptor-0@26c04450-ServerConnector@2807bef8{HTTP/1.1,[http/1.1]}{0.0.0.0:4040}" daemon [_thread_in_native, id=16932, stack(0x00007f2bb6ce1000,0x00007f2bb6de2000)]
  0x00007f2c2117a000 JavaThread "SparkUI-30" daemon [_thread_in_native, id=16931, stack(0x00007f2bb6de2000,0x00007f2bb6ee3000)]
  0x00007f2c21176000 JavaThread "SparkUI-29" daemon [_thread_in_native, id=16930, stack(0x00007f2bb6ee3000,0x00007f2bb6fe4000)]
  0x00007f2c207bd800 JavaThread "RemoteBlock-temp-file-clean-thread" daemon [_thread_blocked, id=16920, stack(0x00007f2bb71e4000,0x00007f2bb72e5000)]
  0x00007f2c20606800 JavaThread "map-output-dispatcher-7" daemon [_thread_blocked, id=16913, stack(0x00007f2bb72e5000,0x00007f2bb73e6000)]
  0x00007f2c20605000 JavaThread "map-output-dispatcher-6" daemon [_thread_blocked, id=16912, stack(0x00007f2bb73e6000,0x00007f2bb74e7000)]
  0x00007f2c20603800 JavaThread "map-output-dispatcher-5" daemon [_thread_blocked, id=16911, stack(0x00007f2bb74e7000,0x00007f2bb75e8000)]
  0x00007f2c2075b800 JavaThread "map-output-dispatcher-4" daemon [_thread_blocked, id=16910, stack(0x00007f2bb75e8000,0x00007f2bb76e9000)]
  0x00007f2c2075a000 JavaThread "map-output-dispatcher-3" daemon [_thread_blocked, id=16909, stack(0x00007f2bb76e9000,0x00007f2bb77ea000)]
  0x00007f2c20759000 JavaThread "map-output-dispatcher-2" daemon [_thread_blocked, id=16908, stack(0x00007f2bb77ea000,0x00007f2bb78eb000)]
  0x00007f2c20755000 JavaThread "map-output-dispatcher-1" daemon [_thread_blocked, id=16907, stack(0x00007f2bb78eb000,0x00007f2bb79ec000)]
  0x00007f2c20754800 JavaThread "map-output-dispatcher-0" daemon [_thread_blocked, id=16906, stack(0x00007f2bb79ec000,0x00007f2bb7aed000)]
  0x00007f2c204fe800 JavaThread "rpc-server-3-1" daemon [_thread_blocked, id=16903, stack(0x00007f2bb7aed000,0x00007f2bb7bee000)]
  0x00007f2c20f8b800 JavaThread "dispatcher-event-loop-3" daemon [_thread_blocked, id=16878, stack(0x00007f2bcc0d5000,0x00007f2bcc1d6000)]
  0x00007f2c20f8a000 JavaThread "dispatcher-event-loop-2" daemon [_thread_blocked, id=16877, stack(0x00007f2bcc1d6000,0x00007f2bcc2d7000)]
  0x00007f2c20f88800 JavaThread "dispatcher-event-loop-1" daemon [_thread_blocked, id=16876, stack(0x00007f2bcc2d7000,0x00007f2bcc3d8000)]
  0x00007f2c20f87800 JavaThread "dispatcher-event-loop-0" daemon [_thread_blocked, id=16875, stack(0x00007f2bec038000,0x00007f2bec139000)]
  0x00007f2c20a17800 JavaThread "Service Thread" daemon [_thread_blocked, id=16670, stack(0x00007f2c087cd000,0x00007f2c088ce000)]
  0x00007f2c20a14000 JavaThread "C1 CompilerThread2" daemon [_thread_blocked, id=16669, stack(0x00007f2c088cf000,0x00007f2c089cf000)]
  0x00007f2c20a12800 JavaThread "C2 CompilerThread1" daemon [_thread_blocked, id=16668, stack(0x00007f2c089d0000,0x00007f2c08ad0000)]
  0x00007f2c20a10800 JavaThread "C2 CompilerThread0" daemon [_thread_blocked, id=16667, stack(0x00007f2c08ad1000,0x00007f2c08bd1000)]
  0x00007f2c20a0e800 JavaThread "Monitor Ctrl-Break" daemon [_thread_in_native, id=16666, stack(0x00007f2c08bd1000,0x00007f2c08cd2000)]
  0x00007f2c20187800 JavaThread "Signal Dispatcher" daemon [_thread_blocked, id=16661, stack(0x00007f2c09554000,0x00007f2c09655000)]
  0x00007f2c20154800 JavaThread "Finalizer" daemon [_thread_blocked, id=16654, stack(0x00007f2c0a024000,0x00007f2c0a125000)]
  0x00007f2c20152000 JavaThread "Reference Handler" daemon [_thread_blocked, id=16651, stack(0x00007f2c0a125000,0x00007f2c0a226000)]
  0x00007f2c20013800 JavaThread "main" [_thread_blocked, id=16630, stack(0x00007f2c282de000,0x00007f2c283de000)]

Other Threads:
=>0x00007f2c20148800 VMThread [stack: 0x00007f2c0a227000,0x00007f2c0a327000] [id=16647]
  0x00007f2c20a1a000 WatcherThread [stack: 0x00007f2c086cd000,0x00007f2c087cd000] [id=16671]

VM state:at safepoint (normal execution)

VM Mutex/Monitor currently owned by a thread:  ([mutex/lock_event])
[0x00007f2c2000a2f0] Threads_lock - owner thread: 0x00007f2c20148800
[0x00007f2c2000a7f0] Heap_lock - owner thread: 0x00007f2c207bd800

heap address: 0x00000006c6800000, size: 3992 MB, Compressed Oops mode: Zero based, Oop shift amount: 3
Narrow klass base: 0x0000000000000000, Narrow klass shift: 3
Compressed class space size: 1073741824 Address: 0x00000007c0000000

Heap:
 PSYoungGen      total 531968K, used 18400K [0x000000076cd80000, 0x000000078e900000, 0x00000007c0000000)
  eden space 513536K, 0% used [0x000000076cd80000,0x000000076cd80000,0x000000078c300000)
  from space 18432K, 99% used [0x000000078c300000,0x000000078d4f8020,0x000000078d500000)
  to   space 16384K, 0% used [0x000000078d500000,0x000000078d500000,0x000000078e500000)
 ParOldGen       total 73216K, used 56165K [0x00000006c6800000, 0x00000006caf80000, 0x000000076cd80000)
  object space 73216K, 76% used [0x00000006c6800000,0x00000006c9ed9518,0x00000006caf80000)
 Metaspace       used 43947K, capacity 44428K, committed 44544K, reserved 1087488K
  class space    used 6246K, capacity 6353K, committed 6400K, reserved 1048576K

Card table byte_map: [0x00007f2c10833000,0x00007f2c11000000] byte_map_base: 0x00007f2c0d1ff000

Marking Bits: (ParMarkBitMap*) 0x00007f2c275753c0
 Begin Bits: [0x00007f2bec340000, 0x00007f2bf01a0000)
 End Bits:   [0x00007f2bf01a0000, 0x00007f2bf4000000)

Polling page: 0x00007f2c283f6000

CodeCache: size=245760Kb used=16420Kb max_used=16436Kb free=229339Kb
 bounds [0x00007f2c11000000, 0x00007f2c12040000, 0x00007f2c20000000]
 total_blobs=5830 nmethods=5282 adapters=461
 compilation: enabled

Compilation events (10 events):
Event: 128,443 Thread 0x00007f2c20a12800 5884       4       org.apache.hadoop.fs.FileSystem::get (104 bytes)
Event: 128,463 Thread 0x00007f2c20a14000 5886       3       java.io.SerialCallbackContext::check (59 bytes)
Event: 128,504 Thread 0x00007f2c20a14000 nmethod 5886 0x00007f2c118e1f90 code [0x00007f2c118e2200, 0x00007f2c118e3138]
Event: 128,526 Thread 0x00007f2c20a10800 nmethod 5883 0x00007f2c118eb390 code [0x00007f2c118eb5a0, 0x00007f2c118ec7c8]
Event: 128,527 Thread 0x00007f2c20a10800 5887       4       org.apache.spark.sql.execution.datasources.InMemoryFileIndex$::log (5 bytes)
Event: 128,528 Thread 0x00007f2c20a10800 nmethod 5887 0x00007f2c11201d50 code [0x00007f2c11201ec0, 0x00007f2c11201fa8]
Event: 128,528 Thread 0x00007f2c20a10800 5885   !   4       org.apache.spark.sql.execution.datasources.InMemoryFileIndex$::org$apache$spark$sql$execution$datasources$InMemoryFileIndex$$listLeafFiles (530 bytes)
Event: 128,722 Thread 0x00007f2c20a12800 nmethod 5884 0x00007f2c12028c50 code [0x00007f2c12029100, 0x00007f2c1202c2e0]
Event: 128,767 Thread 0x00007f2c20a14000 5888       3       java.util.concurrent.SynchronousQueue$TransferStack::awaitFulfill (166 bytes)
Event: 128,769 Thread 0x00007f2c20a14000 nmethod 5888 0x00007f2c120200d0 code [0x00007f2c12020340, 0x00007f2c12021808]

GC Heap History (10 events):
Event: 93,807 GC heap after
Heap after GC invocations=22 (full 2):
 PSYoungGen      total 279552K, used 8032K [0x000000076cd80000, 0x000000077ea00000, 0x00000007c0000000)
  eden space 269312K, 0% used [0x000000076cd80000,0x000000076cd80000,0x000000077d480000)
  from space 10240K, 78% used [0x000000077df00000,0x000000077e6d8040,0x000000077e900000)
  to   space 10752K, 0% used [0x000000077d480000,0x000000077d480000,0x000000077df00000)
 ParOldGen       total 73216K, used 29869K [0x00000006c6800000, 0x00000006caf80000, 0x000000076cd80000)
  object space 73216K, 40% used [0x00000006c6800000,0x00000006c852b518,0x00000006caf80000)
 Metaspace       used 43602K, capacity 44044K, committed 44288K, reserved 1087488K
  class space    used 6238K, capacity 6353K, committed 6400K, reserved 1048576K
}
Event: 96,779 GC heap before
{Heap before GC invocations=23 (full 2):
 PSYoungGen      total 279552K, used 277344K [0x000000076cd80000, 0x000000077ea00000, 0x00000007c0000000)
  eden space 269312K, 100% used [0x000000076cd80000,0x000000077d480000,0x000000077d480000)
  from space 10240K, 78% used [0x000000077df00000,0x000000077e6d8040,0x000000077e900000)
  to   space 10752K, 0% used [0x000000077d480000,0x000000077d480000,0x000000077df00000)
 ParOldGen       total 73216K, used 29869K [0x00000006c6800000, 0x00000006caf80000, 0x000000076cd80000)
  object space 73216K, 40% used [0x00000006c6800000,0x00000006c852b518,0x00000006caf80000)
 Metaspace       used 43807K, capacity 44236K, committed 44544K, reserved 1087488K
  class space    used 6245K, capacity 6353K, committed 6400K, reserved 1048576K
Event: 96,815 GC heap after
Heap after GC invocations=23 (full 2):
 PSYoungGen      total 280064K, used 10144K [0x000000076cd80000, 0x0000000785100000, 0x00000007c0000000)
  eden space 269312K, 0% used [0x000000076cd80000,0x000000076cd80000,0x000000077d480000)
  from space 10752K, 94% used [0x000000077d480000,0x000000077de68040,0x000000077df00000)
  to   space 11776K, 0% used [0x0000000784580000,0x0000000784580000,0x0000000785100000)
 ParOldGen       total 73216K, used 32569K [0x00000006c6800000, 0x00000006caf80000, 0x000000076cd80000)
  object space 73216K, 44% used [0x00000006c6800000,0x00000006c87ce608,0x00000006caf80000)
 Metaspace       used 43807K, capacity 44236K, committed 44544K, reserved 1087488K
  class space    used 6245K, capacity 6353K, committed 6400K, reserved 1048576K
}
Event: 98,027 GC heap before
{Heap before GC invocations=24 (full 2):
 PSYoungGen      total 280064K, used 279456K [0x000000076cd80000, 0x0000000785100000, 0x00000007c0000000)
  eden space 269312K, 100% used [0x000000076cd80000,0x000000077d480000,0x000000077d480000)
  from space 10752K, 94% used [0x000000077d480000,0x000000077de68040,0x000000077df00000)
  to   space 11776K, 0% used [0x0000000784580000,0x0000000784580000,0x0000000785100000)
 ParOldGen       total 73216K, used 32569K [0x00000006c6800000, 0x00000006caf80000, 0x000000076cd80000)
  object space 73216K, 44% used [0x00000006c6800000,0x00000006c87ce608,0x00000006caf80000)
 Metaspace       used 43885K, capacity 44300K, committed 44544K, reserved 1087488K
  class space    used 6245K, capacity 6353K, committed 6400K, reserved 1048576K
Event: 98,071 GC heap after
Heap after GC invocations=24 (full 2):
 PSYoungGen      total 384512K, used 10112K [0x000000076cd80000, 0x0000000785280000, 0x00000007c0000000)
  eden space 372736K, 0% used [0x000000076cd80000,0x000000076cd80000,0x0000000783980000)
  from space 11776K, 85% used [0x0000000784580000,0x0000000784f60040,0x0000000785100000)
  to   space 12288K, 0% used [0x0000000783980000,0x0000000783980000,0x0000000784580000)
 ParOldGen       total 73216K, used 35059K [0x00000006c6800000, 0x00000006caf80000, 0x000000076cd80000)
  object space 73216K, 47% used [0x00000006c6800000,0x00000006c8a3ce68,0x00000006caf80000)
 Metaspace       used 43885K, capacity 44300K, committed 44544K, reserved 1087488K
  class space    used 6245K, capacity 6353K, committed 6400K, reserved 1048576K
}
Event: 118,753 GC heap before
{Heap before GC invocations=25 (full 2):
 PSYoungGen      total 384512K, used 382848K [0x000000076cd80000, 0x0000000785280000, 0x00000007c0000000)
  eden space 372736K, 100% used [0x000000076cd80000,0x0000000783980000,0x0000000783980000)
  from space 11776K, 85% used [0x0000000784580000,0x0000000784f60040,0x0000000785100000)
  to   space 12288K, 0% used [0x0000000783980000,0x0000000783980000,0x0000000784580000)
 ParOldGen       total 73216K, used 35059K [0x00000006c6800000, 0x00000006caf80000, 0x000000076cd80000)
  object space 73216K, 47% used [0x00000006c6800000,0x00000006c8a3ce68,0x00000006caf80000)
 Metaspace       used 43914K, capacity 44364K, committed 44544K, reserved 1087488K
  class space    used 6245K, capacity 6353K, committed 6400K, reserved 1048576K
Event: 118,808 GC heap after
Heap after GC invocations=25 (full 2):
 PSYoungGen      total 385024K, used 12256K [0x000000076cd80000, 0x000000078e500000, 0x00000007c0000000)
  eden space 372736K, 0% used [0x000000076cd80000,0x000000076cd80000,0x0000000783980000)
  from space 12288K, 99% used [0x0000000783980000,0x0000000784578040,0x0000000784580000)
  to   space 16384K, 0% used [0x000000078d500000,0x000000078d500000,0x000000078e500000)
 ParOldGen       total 73216K, used 41357K [0x00000006c6800000, 0x00000006caf80000, 0x000000076cd80000)
  object space 73216K, 56% used [0x00000006c6800000,0x00000006c9063698,0x00000006caf80000)
 Metaspace       used 43914K, capacity 44364K, committed 44544K, reserved 1087488K
  class space    used 6245K, capacity 6353K, committed 6400K, reserved 1048576K
}
Event: 124,719 GC heap before
{Heap before GC invocations=26 (full 2):
 PSYoungGen      total 385024K, used 384992K [0x000000076cd80000, 0x000000078e500000, 0x00000007c0000000)
  eden space 372736K, 100% used [0x000000076cd80000,0x0000000783980000,0x0000000783980000)
  from space 12288K, 99% used [0x0000000783980000,0x0000000784578040,0x0000000784580000)
  to   space 16384K, 0% used [0x000000078d500000,0x000000078d500000,0x000000078e500000)
 ParOldGen       total 73216K, used 41357K [0x00000006c6800000, 0x00000006caf80000, 0x000000076cd80000)
  object space 73216K, 56% used [0x00000006c6800000,0x00000006c9063698,0x00000006caf80000)
 Metaspace       used 43939K, capacity 44428K, committed 44544K, reserved 1087488K
  class space    used 6246K, capacity 6353K, committed 6400K, reserved 1048576K
Event: 124,860 GC heap after
Heap after GC invocations=26 (full 2):
 PSYoungGen      total 529920K, used 16240K [0x000000076cd80000, 0x000000078e900000, 0x00000007c0000000)
  eden space 513536K, 0% used [0x000000076cd80000,0x000000076cd80000,0x000000078c300000)
  from space 16384K, 99% used [0x000000078d500000,0x000000078e4dc050,0x000000078e500000)
  to   space 18432K, 0% used [0x000000078c300000,0x000000078c300000,0x000000078d500000)
 ParOldGen       total 73216K, used 46854K [0x00000006c6800000, 0x00000006caf80000, 0x000000076cd80000)
  object space 73216K, 63% used [0x00000006c6800000,0x00000006c95c19b0,0x00000006caf80000)
 Metaspace       used 43939K, capacity 44428K, committed 44544K, reserved 1087488K
  class space    used 6246K, capacity 6353K, committed 6400K, reserved 1048576K
}
Event: 129,563 GC heap before
{Heap before GC invocations=27 (full 2):
 PSYoungGen      total 529920K, used 529776K [0x000000076cd80000, 0x000000078e900000, 0x00000007c0000000)
  eden space 513536K, 100% used [0x000000076cd80000,0x000000078c300000,0x000000078c300000)
  from space 16384K, 99% used [0x000000078d500000,0x000000078e4dc050,0x000000078e500000)
  to   space 18432K, 0% used [0x000000078c300000,0x000000078c300000,0x000000078d500000)
 ParOldGen       total 73216K, used 46854K [0x00000006c6800000, 0x00000006caf80000, 0x000000076cd80000)
  object space 73216K, 63% used [0x00000006c6800000,0x00000006c95c19b0,0x00000006caf80000)
 Metaspace       used 43947K, capacity 44428K, committed 44544K, reserved 1087488K
  class space    used 6246K, capacity 6353K, committed 6400K, reserved 1048576K

Deoptimization events (10 events):
Event: 91,972 Thread 0x00007f2bb0003800 Uncommon trap: reason=unstable_if action=reinterpret pc=0x00007f2c11bd8554 method=org.apache.spark.sql.execution.datasources.InMemoryFileIndex$.shouldFilterOut(Ljava/lang/String;)Z @ 63
Event: 91,972 Thread 0x00007f2bb0003800 Uncommon trap: reason=unstable_if action=reinterpret pc=0x00007f2c11b9474c method=org.apache.spark.sql.execution.datasources.InMemoryFileIndex$.shouldFilterOut(Ljava/lang/String;)Z @ 63
Event: 93,776 Thread 0x00007f2bc4015800 Uncommon trap: reason=unstable_if action=reinterpret pc=0x00007f2c116732e4 method=java.net.URI.decode(Ljava/lang/String;)Ljava/lang/String; @ 83
Event: 94,632 Thread 0x00007f2bb8004000 Uncommon trap: reason=unstable_if action=reinterpret pc=0x00007f2c11c0c5b4 method=org.apache.spark.util.AccumulatorV2.name()Lscala/Option; @ 8
Event: 94,706 Thread 0x00007f2c212a6800 Uncommon trap: reason=unstable_if action=reinterpret pc=0x00007f2c11c79db8 method=java.util.concurrent.locks.AbstractQueuedSynchronizer.transferForSignal(Ljava/util/concurrent/locks/AbstractQueuedSynchronizer$Node;)Z @ 7
Event: 96,678 Thread 0x00007f2c211f9000 Uncommon trap: reason=unstable_if action=reinterpret pc=0x00007f2c115a04e4 method=com.codahale.metrics.ExponentiallyDecayingReservoir.update(JJ)V @ 60
Event: 96,678 Thread 0x00007f2c211f9000 Uncommon trap: reason=unstable_if action=reinterpret pc=0x00007f2c11c5fac8 method=java.util.concurrent.ConcurrentSkipListMap.findPredecessor(Ljava/lang/Object;Ljava/util/Comparator;)Ljava/util/concurrent/ConcurrentSkipListMap$Node; @ 47
Event: 104,631 Thread 0x00007f2ba000b800 Uncommon trap: reason=unstable_if action=reinterpret pc=0x00007f2c11dee800 method=java.util.concurrent.locks.AbstractQueuedSynchronizer$ConditionObject.addConditionWaiter()Ljava/util/concurrent/locks/AbstractQueuedSynchronizer$Node; @ 15
Event: 104,631 Thread 0x00007f2c212a6800 Uncommon trap: reason=unstable_if action=reinterpret pc=0x00007f2c11daef60 method=java.util.concurrent.locks.AbstractQueuedSynchronizer.acquireQueued(Ljava/util/concurrent/locks/AbstractQueuedSynchronizer$Node;I)Z @ 25
Event: 111,016 Thread 0x00007f2bb0001800 Uncommon trap: reason=unstable_if action=reinterpret pc=0x00007f2c11ca10ac method=java.util.concurrent.atomic.LongAdder.add(J)V @ 78

Classes redefined (0 events):
No events

Internal exceptions (10 events):
Event: 87,120 Thread 0x00007f2bbc028000 Exception <a 'java/lang/NoSuchMethodError': <clinit>> (0x000000076ef0b378) thrown at [/build/openjdk-8-fPix8r/openjdk-8-8u212-b03/src/hotspot/src/share/vm/prims/jni.cpp, line 1614]
Event: 87,120 Thread 0x00007f2bbc04f000 Exception <a 'java/lang/NoSuchMethodError': <clinit>> (0x000000076ef92a20) thrown at [/build/openjdk-8-fPix8r/openjdk-8-8u212-b03/src/hotspot/src/share/vm/prims/jni.cpp, line 1614]
Event: 87,120 Thread 0x00007f2bbc052800 Exception <a 'java/lang/NoSuchMethodError': <clinit>> (0x000000076ef2b8d0) thrown at [/build/openjdk-8-fPix8r/openjdk-8-8u212-b03/src/hotspot/src/share/vm/prims/jni.cpp, line 1614]
Event: 87,120 Thread 0x00007f2bbc028000 Exception <a 'java/lang/NoSuchMethodError': <clinit>> (0x000000076efa67c8) thrown at [/build/openjdk-8-fPix8r/openjdk-8-8u212-b03/src/hotspot/src/share/vm/prims/jni.cpp, line 1614]
Event: 87,120 Thread 0x00007f2bbc04f000 Exception <a 'java/lang/NoSuchMethodError': <clinit>> (0x000000076ef9bc50) thrown at [/build/openjdk-8-fPix8r/openjdk-8-8u212-b03/src/hotspot/src/share/vm/prims/jni.cpp, line 1614]
Event: 87,121 Thread 0x00007f2bbc052800 Exception <a 'java/lang/NoSuchMethodError': <clinit>> (0x000000076efc69d8) thrown at [/build/openjdk-8-fPix8r/openjdk-8-8u212-b03/src/hotspot/src/share/vm/prims/jni.cpp, line 1614]
Event: 87,123 Thread 0x00007f2bbc028000 Exception <a 'java/lang/NoSuchMethodError': <clinit>> (0x000000076efb0748) thrown at [/build/openjdk-8-fPix8r/openjdk-8-8u212-b03/src/hotspot/src/share/vm/prims/jni.cpp, line 1614]
Event: 87,123 Thread 0x00007f2bbc050800 Exception <a 'java/lang/NoSuchMethodError': <clinit>> (0x000000076ef3f0d8) thrown at [/build/openjdk-8-fPix8r/openjdk-8-8u212-b03/src/hotspot/src/share/vm/prims/jni.cpp, line 1614]
Event: 87,123 Thread 0x00007f2bbc052800 Exception <a 'java/lang/NoSuchMethodError': <clinit>> (0x000000076efc8358) thrown at [/build/openjdk-8-fPix8r/openjdk-8-8u212-b03/src/hotspot/src/share/vm/prims/jni.cpp, line 1614]
Event: 87,131 Thread 0x00007f2bbc04f000 Exception <a 'java/lang/NoSuchMethodError': <clinit>> (0x000000076f047b70) thrown at [/build/openjdk-8-fPix8r/openjdk-8-8u212-b03/src/hotspot/src/share/vm/prims/jni.cpp, line 1614]

Events (10 events):
Event: 128,338 Thread 0x00007f2c20a12800 flushing nmethod 0x00007f2c118d8dd0
Event: 128,338 Thread 0x00007f2c20a12800 flushing nmethod 0x00007f2c118e1f90
Event: 128,338 Thread 0x00007f2c20a12800 flushing nmethod 0x00007f2c118e62d0
Event: 128,338 Thread 0x00007f2c20a12800 flushing nmethod 0x00007f2c118ee950
Event: 128,338 Thread 0x00007f2c20a12800 flushing nmethod 0x00007f2c118f3210
Event: 128,338 Thread 0x00007f2c20a12800 flushing nmethod 0x00007f2c118f4f50
Event: 128,338 Thread 0x00007f2c20a12800 flushing nmethod 0x00007f2c118f8510
Event: 128,877 Thread 0x00007f2bb0001800 DEOPT PACKING pc=0x00007f2c11b3b08e sp=0x00007f2b83efd560
Event: 129,525 Thread 0x00007f2bb0001800 DEOPT UNPACKING pc=0x00007f2c110474c4 sp=0x00007f2b83efd320 mode 0
Event: 129,563 Executing VM operation: ParallelGCFailedAllocation


Dynamic libraries:
6c6800000-6caf80000 rw-p 00000000 00:00 0 
6caf80000-76cd80000 ---p 00000000 00:00 0 
76cd80000-78e900000 rw-p 00000000 00:00 0 
798300000-7c0000000 ---p 00000000 00:00 0 
7c0000000-7c0640000 rw-p 00000000 00:00 0 
7c0640000-800000000 ---p 00000000 00:00 0 
55f708b2e000-55f708b2f000 r-xp 00000000 08:02 18877137                   /usr/lib/jvm/java-8-openjdk-amd64/jre/bin/java
55f708d2e000-55f708d2f000 r--p 00000000 08:02 18877137                   /usr/lib/jvm/java-8-openjdk-amd64/jre/bin/java
55f708d2f000-55f708d30000 rw-p 00001000 08:02 18877137                   /usr/lib/jvm/java-8-openjdk-amd64/jre/bin/java
55f709807000-55f709828000 rw-p 00000000 00:00 0                          [heap]
7f2b839fc000-7f2b839ff000 ---p 00000000 00:00 0 
7f2b839ff000-7f2b83afd000 rw-p 00000000 00:00 0 
7f2b83afd000-7f2b83b00000 ---p 00000000 00:00 0 
7f2b83b00000-7f2b83d3e000 rw-p 00000000 00:00 0 
7f2b83d3e000-7f2b83dfe000 ---p 00000000 00:00 0 
7f2b83dfe000-7f2b83e01000 ---p 00000000 00:00 0 
7f2b83e01000-7f2b83eff000 rw-p 00000000 00:00 0 
7f2b83eff000-7f2b83f02000 ---p 00000000 00:00 0 
7f2b83f02000-7f2b84000000 rw-p 00000000 00:00 0 
7f2b84000000-7f2b84021000 rw-p 00000000 00:00 0 
7f2b84021000-7f2b88000000 ---p 00000000 00:00 0 
7f2b88000000-7f2b88021000 rw-p 00000000 00:00 0 
7f2b88021000-7f2b8c000000 ---p 00000000 00:00 0 
7f2b8c000000-7f2b8c021000 rw-p 00000000 00:00 0 
7f2b8c021000-7f2b90000000 ---p 00000000 00:00 0 
7f2b90000000-7f2b90021000 rw-p 00000000 00:00 0 
7f2b90021000-7f2b94000000 ---p 00000000 00:00 0 
7f2b94000000-7f2b94021000 rw-p 00000000 00:00 0 
7f2b94021000-7f2b98000000 ---p 00000000 00:00 0 
7f2b98000000-7f2b98021000 rw-p 00000000 00:00 0 
7f2b98021000-7f2b9c000000 ---p 00000000 00:00 0 
7f2b9c000000-7f2b9c021000 rw-p 00000000 00:00 0 
7f2b9c021000-7f2ba0000000 ---p 00000000 00:00 0 
7f2ba0000000-7f2ba0023000 rw-p 00000000 00:00 0 
7f2ba0023000-7f2ba4000000 ---p 00000000 00:00 0 
7f2ba4000000-7f2ba40ba000 rw-p 00000000 00:00 0 
7f2ba40ba000-7f2ba8000000 ---p 00000000 00:00 0 
7f2ba8000000-7f2ba8021000 rw-p 00000000 00:00 0 
7f2ba8021000-7f2bac000000 ---p 00000000 00:00 0 
7f2bac000000-7f2bac021000 rw-p 00000000 00:00 0 
7f2bac021000-7f2bb0000000 ---p 00000000 00:00 0 
7f2bb0000000-7f2bb0021000 rw-p 00000000 00:00 0 
7f2bb0021000-7f2bb4000000 ---p 00000000 00:00 0 
7f2bb409b000-7f2bb409e000 ---p 00000000 00:00 0 
7f2bb409e000-7f2bb419c000 rw-p 00000000 00:00 0 
7f2bb419c000-7f2bb419f000 ---p 00000000 00:00 0 
7f2bb419f000-7f2bb429d000 rw-p 00000000 00:00 0 
7f2bb429d000-7f2bb42a0000 ---p 00000000 00:00 0 
7f2bb42a0000-7f2bb439e000 rw-p 00000000 00:00 0 
7f2bb439e000-7f2bb43a1000 ---p 00000000 00:00 0 
7f2bb43a1000-7f2bb449f000 rw-p 00000000 00:00 0 
7f2bb449f000-7f2bb44a2000 ---p 00000000 00:00 0 
7f2bb44a2000-7f2bb45a0000 rw-p 00000000 00:00 0 
7f2bb45a0000-7f2bb45a3000 ---p 00000000 00:00 0 
7f2bb45a3000-7f2bb46a1000 rw-p 00000000 00:00 0 
7f2bb46a1000-7f2bb46a4000 ---p 00000000 00:00 0 
7f2bb46a4000-7f2bb47a2000 rw-p 00000000 00:00 0 
7f2bb47a2000-7f2bb47af000 r-xp 00000000 08:02 26738707                   /tmp/liblz4-java9123196494062870698.so
7f2bb47af000-7f2bb49ae000 ---p 0000d000 08:02 26738707                   /tmp/liblz4-java9123196494062870698.so
7f2bb49ae000-7f2bb49af000 rw-p 0000c000 08:02 26738707                   /tmp/liblz4-java9123196494062870698.so
7f2bb49af000-7f2bb4baf000 rw-p 00000000 00:00 0 
7f2bb4baf000-7f2bb4daf000 rw-p 00000000 00:00 0 
7f2bb4daf000-7f2bb4faf000 rw-p 00000000 00:00 0 
7f2bb4faf000-7f2bb4fb2000 ---p 00000000 00:00 0 
7f2bb4fb2000-7f2bb50b0000 rw-p 00000000 00:00 0 
7f2bb50b0000-7f2bb50b3000 ---p 00000000 00:00 0 
7f2bb50b3000-7f2bb53b1000 rw-p 00000000 00:00 0 
7f2bb53b1000-7f2bb55b1000 rw-p 00000000 00:00 0 
7f2bb55b1000-7f2bb55b4000 ---p 00000000 00:00 0 
7f2bb55b4000-7f2bb58b2000 rw-p 00000000 00:00 0 
7f2bb58b2000-7f2bb58b5000 ---p 00000000 00:00 0 
7f2bb58b5000-7f2bb59b3000 rw-p 00000000 00:00 0 
7f2bb59b3000-7f2bb59b6000 ---p 00000000 00:00 0 
7f2bb59b6000-7f2bb5ab4000 rw-p 00000000 00:00 0 
7f2bb5ab4000-7f2bb5ab7000 ---p 00000000 00:00 0 
7f2bb5ab7000-7f2bb5bb5000 rw-p 00000000 00:00 0 
7f2bb5bb5000-7f2bb5bb8000 ---p 00000000 00:00 0 
7f2bb5bb8000-7f2bb5eb6000 rw-p 00000000 00:00 0 
7f2bb5eb6000-7f2bb5eb9000 ---p 00000000 00:00 0 
7f2bb5eb9000-7f2bb5fb7000 rw-p 00000000 00:00 0 
7f2bb5fd6000-7f2bb5fd9000 ---p 00000000 00:00 0 
7f2bb5fd9000-7f2bb60d7000 rw-p 00000000 00:00 0 
7f2bb60d7000-7f2bb60da000 ---p 00000000 00:00 0 
7f2bb60da000-7f2bb61d8000 rw-p 00000000 00:00 0 
7f2bb61d8000-7f2bb61db000 ---p 00000000 00:00 0 
7f2bb61db000-7f2bb62d9000 rw-p 00000000 00:00 0 
7f2bb62d9000-7f2bb62dc000 ---p 00000000 00:00 0 
7f2bb62dc000-7f2bb63da000 rw-p 00000000 00:00 0 
7f2bb63da000-7f2bb63dd000 ---p 00000000 00:00 0 
7f2bb63dd000-7f2bb64db000 rw-p 00000000 00:00 0 
7f2bb64db000-7f2bb64de000 ---p 00000000 00:00 0 
7f2bb64de000-7f2bb67dc000 rw-p 00000000 00:00 0 
7f2bb67dc000-7f2bb67df000 ---p 00000000 00:00 0 
7f2bb67df000-7f2bb68dd000 rw-p 00000000 00:00 0 
7f2bb68dd000-7f2bb68e0000 ---p 00000000 00:00 0 
7f2bb68e0000-7f2bb69de000 rw-p 00000000 00:00 0 
7f2bb69de000-7f2bb69e1000 ---p 00000000 00:00 0 
7f2bb69e1000-7f2bb6adf000 rw-p 00000000 00:00 0 
7f2bb6adf000-7f2bb6ae2000 ---p 00000000 00:00 0 
7f2bb6ae2000-7f2bb6be0000 rw-p 00000000 00:00 0 
7f2bb6be0000-7f2bb6be3000 ---p 00000000 00:00 0 
7f2bb6be3000-7f2bb6ce1000 rw-p 00000000 00:00 0 
7f2bb6ce1000-7f2bb6ce4000 ---p 00000000 00:00 0 
7f2bb6ce4000-7f2bb6de2000 rw-p 00000000 00:00 0 
7f2bb6de2000-7f2bb6de5000 ---p 00000000 00:00 0 
7f2bb6de5000-7f2bb6ee3000 rw-p 00000000 00:00 0 
7f2bb6ee3000-7f2bb6ee6000 ---p 00000000 00:00 0 
7f2bb6ee6000-7f2bb71e4000 rw-p 00000000 00:00 0 
7f2bb71e4000-7f2bb71e7000 ---p 00000000 00:00 0 
7f2bb71e7000-7f2bb72e5000 rw-p 00000000 00:00 0 
7f2bb72e5000-7f2bb72e8000 ---p 00000000 00:00 0 
7f2bb72e8000-7f2bb73e6000 rw-p 00000000 00:00 0 
7f2bb73e6000-7f2bb73e9000 ---p 00000000 00:00 0 
7f2bb73e9000-7f2bb74e7000 rw-p 00000000 00:00 0 
7f2bb74e7000-7f2bb74ea000 ---p 00000000 00:00 0 
7f2bb74ea000-7f2bb75e8000 rw-p 00000000 00:00 0 
7f2bb75e8000-7f2bb75eb000 ---p 00000000 00:00 0 
7f2bb75eb000-7f2bb76e9000 rw-p 00000000 00:00 0 
7f2bb76e9000-7f2bb76ec000 ---p 00000000 00:00 0 
7f2bb76ec000-7f2bb77ea000 rw-p 00000000 00:00 0 
7f2bb77ea000-7f2bb77ed000 ---p 00000000 00:00 0 
7f2bb77ed000-7f2bb78eb000 rw-p 00000000 00:00 0 
7f2bb78eb000-7f2bb78ee000 ---p 00000000 00:00 0 
7f2bb78ee000-7f2bb79ec000 rw-p 00000000 00:00 0 
7f2bb79ec000-7f2bb79ef000 ---p 00000000 00:00 0 
7f2bb79ef000-7f2bb7aed000 rw-p 00000000 00:00 0 
7f2bb7aed000-7f2bb7af0000 ---p 00000000 00:00 0 
7f2bb7af0000-7f2bb7dee000 rw-p 00000000 00:00 0 
7f2bb7dee000-7f2bb7dff000 r-xp 00000000 08:02 18880471                   /usr/lib/jvm/java-8-openjdk-amd64/jre/lib/amd64/libnio.so
7f2bb7dff000-7f2bb7ffe000 ---p 00011000 08:02 18880471                   /usr/lib/jvm/java-8-openjdk-amd64/jre/lib/amd64/libnio.so
7f2bb7ffe000-7f2bb7fff000 r--p 00010000 08:02 18880471                   /usr/lib/jvm/java-8-openjdk-amd64/jre/lib/amd64/libnio.so
7f2bb7fff000-7f2bb8000000 rw-p 00011000 08:02 18880471                   /usr/lib/jvm/java-8-openjdk-amd64/jre/lib/amd64/libnio.so
7f2bb8000000-7f2bb8021000 rw-p 00000000 00:00 0 
7f2bb8021000-7f2bbc000000 ---p 00000000 00:00 0 
7f2bbc000000-7f2bbc060000 rw-p 00000000 00:00 0 
7f2bbc060000-7f2bc0000000 ---p 00000000 00:00 0 
7f2bc0000000-7f2bc0021000 rw-p 00000000 00:00 0 
7f2bc0021000-7f2bc4000000 ---p 00000000 00:00 0 
7f2bc4000000-7f2bc409e000 rw-p 00000000 00:00 0 
7f2bc409e000-7f2bc8000000 ---p 00000000 00:00 0 
7f2bc8000000-7f2bc8021000 rw-p 00000000 00:00 0 
7f2bc8021000-7f2bcc000000 ---p 00000000 00:00 0 
7f2bcc0d5000-7f2bcc0d8000 ---p 00000000 00:00 0 
7f2bcc0d8000-7f2bcc1d6000 rw-p 00000000 00:00 0 
7f2bcc1d6000-7f2bcc1d9000 ---p 00000000 00:00 0 
7f2bcc1d9000-7f2bcc2d7000 rw-p 00000000 00:00 0 
7f2bcc2d7000-7f2bcc2da000 ---p 00000000 00:00 0 
7f2bcc2da000-7f2bcc5d8000 rw-p 00000000 00:00 0 
7f2bcc5d8000-7f2bcc5d9000 r-xp 00000000 08:02 18880458                   /usr/lib/jvm/java-8-openjdk-amd64/jre/lib/amd64/libjaas_unix.so
7f2bcc5d9000-7f2bcc7d8000 ---p 00001000 08:02 18880458                   /usr/lib/jvm/java-8-openjdk-amd64/jre/lib/amd64/libjaas_unix.so
7f2bcc7d8000-7f2bcc7d9000 r--p 00000000 08:02 18880458                   /usr/lib/jvm/java-8-openjdk-amd64/jre/lib/amd64/libjaas_unix.so
7f2bcc7d9000-7f2bcc7da000 rw-p 00001000 08:02 18880458                   /usr/lib/jvm/java-8-openjdk-amd64/jre/lib/amd64/libjaas_unix.so
7f2bcc7da000-7f2bcc9da000 rw-p 00000000 00:00 0 
7f2bcc9da000-7f2bccbda000 rw-p 00000000 00:00 0 
7f2bccbda000-7f2bccbe3000 r-xp 00000000 08:02 18880468                   /usr/lib/jvm/java-8-openjdk-amd64/jre/lib/amd64/libmanagement.so
7f2bccbe3000-7f2bccde2000 ---p 00009000 08:02 18880468                   /usr/lib/jvm/java-8-openjdk-amd64/jre/lib/amd64/libmanagement.so
7f2bccde2000-7f2bccde3000 r--p 00008000 08:02 18880468                   /usr/lib/jvm/java-8-openjdk-amd64/jre/lib/amd64/libmanagement.so
7f2bccde3000-7f2bccde4000 rw-p 00009000 08:02 18880468                   /usr/lib/jvm/java-8-openjdk-amd64/jre/lib/amd64/libmanagement.so
7f2bccde4000-7f2bccdfb000 r-xp 00000000 08:02 31200059                   /lib/x86_64-linux-gnu/libresolv-2.27.so
7f2bccdfb000-7f2bccffb000 ---p 00017000 08:02 31200059                   /lib/x86_64-linux-gnu/libresolv-2.27.so
7f2bccffb000-7f2bccffc000 r--p 00017000 08:02 31200059                   /lib/x86_64-linux-gnu/libresolv-2.27.so
7f2bccffc000-7f2bccffd000 rw-p 00018000 08:02 31200059                   /lib/x86_64-linux-gnu/libresolv-2.27.so
7f2bccffd000-7f2bd0000000 rw-p 00000000 00:00 0 
7f2bd0000000-7f2bd23b1000 rw-p 00000000 00:00 0 
7f2bd23b1000-7f2bd4000000 ---p 00000000 00:00 0 
7f2bd4000000-7f2bd4d8d000 rw-p 00000000 00:00 0 
7f2bd4d8d000-7f2bd8000000 ---p 00000000 00:00 0 
7f2bd8000000-7f2bd802c000 rw-p 00000000 00:00 0 
7f2bd802c000-7f2bdc000000 ---p 00000000 00:00 0 
7f2bdc000000-7f2bddf59000 rw-p 00000000 00:00 0 
7f2bddf59000-7f2be0000000 ---p 00000000 00:00 0 
7f2be0000000-7f2be0023000 rw-p 00000000 00:00 0 
7f2be0023000-7f2be4000000 ---p 00000000 00:00 0 
7f2be4000000-7f2be4023000 rw-p 00000000 00:00 0 
7f2be4023000-7f2be8000000 ---p 00000000 00:00 0 
7f2be8000000-7f2be8021000 rw-p 00000000 00:00 0 
7f2be8021000-7f2bec000000 ---p 00000000 00:00 0 
7f2bec038000-7f2bec03b000 ---p 00000000 00:00 0 
7f2bec03b000-7f2bec139000 rw-p 00000000 00:00 0 
7f2bec139000-7f2bec13e000 r-xp 00000000 08:02 31200008                   /lib/x86_64-linux-gnu/libnss_dns-2.27.so
7f2bec13e000-7f2bec33e000 ---p 00005000 08:02 31200008                   /lib/x86_64-linux-gnu/libnss_dns-2.27.so
7f2bec33e000-7f2bec33f000 r--p 00005000 08:02 31200008                   /lib/x86_64-linux-gnu/libnss_dns-2.27.so
7f2bec33f000-7f2bec340000 rw-p 00006000 08:02 31200008                   /lib/x86_64-linux-gnu/libnss_dns-2.27.so
7f2bec340000-7f2bf4000000 rw-p 00000000 00:00 0 
7f2bf4000000-7f2bf4021000 rw-p 00000000 00:00 0 
7f2bf4021000-7f2bf8000000 ---p 00000000 00:00 0 
7f2bf8000000-7f2bf8042000 rw-p 00000000 00:00 0 
7f2bf8042000-7f2bfc000000 ---p 00000000 00:00 0 
7f2bfc000000-7f2bfc021000 rw-p 00000000 00:00 0 
7f2bfc021000-7f2c00000000 ---p 00000000 00:00 0 
7f2c00000000-7f2c00021000 rw-p 00000000 00:00 0 
7f2c00021000-7f2c04000000 ---p 00000000 00:00 0 
7f2c04000000-7f2c04021000 rw-p 00000000 00:00 0 
7f2c04021000-7f2c08000000 ---p 00000000 00:00 0 
7f2c0803c000-7f2c0803f000 ---p 00000000 00:00 0 
7f2c0803f000-7f2c08075000 rw-p 00000000 00:00 0 
7f2c08075000-7f2c0809b000 r--p 00000000 08:02 20712004                   /usr/share/locale-langpack/fr/LC_MESSAGES/libc.mo
7f2c0809b000-7f2c0809d000 r-xp 00000000 08:02 31200016                   /lib/x86_64-linux-gnu/libnss_mdns4_minimal.so.2
7f2c0809d000-7f2c0829c000 ---p 00002000 08:02 31200016                   /lib/x86_64-linux-gnu/libnss_mdns4_minimal.so.2
7f2c0829c000-7f2c0829d000 r--p 00001000 08:02 31200016                   /lib/x86_64-linux-gnu/libnss_mdns4_minimal.so.2
7f2c0829d000-7f2c0829e000 rw-p 00002000 08:02 31200016                   /lib/x86_64-linux-gnu/libnss_mdns4_minimal.so.2
7f2c082a8000-7f2c082ac000 r--s 000a1000 08:02 18880515                   /usr/lib/jvm/java-8-openjdk-amd64/jre/lib/jsse.jar
7f2c082ac000-7f2c082b3000 r--s 00000000 08:02 19139854                   /usr/lib/x86_64-linux-gnu/gconv/gconv-modules.cache
7f2c082b3000-7f2c082b5000 r--s 00016000 08:02 18880513                   /usr/lib/jvm/java-8-openjdk-amd64/jre/lib/jce.jar
7f2c082b5000-7f2c084b5000 rw-p 00000000 00:00 0 
7f2c084b5000-7f2c084cb000 r-xp 00000000 08:02 18880470                   /usr/lib/jvm/java-8-openjdk-amd64/jre/lib/amd64/libnet.so
7f2c084cb000-7f2c086ca000 ---p 00016000 08:02 18880470                   /usr/lib/jvm/java-8-openjdk-amd64/jre/lib/amd64/libnet.so
7f2c086ca000-7f2c086cb000 r--p 00015000 08:02 18880470                   /usr/lib/jvm/java-8-openjdk-amd64/jre/lib/amd64/libnet.so
7f2c086cb000-7f2c086cc000 rw-p 00016000 08:02 18880470                   /usr/lib/jvm/java-8-openjdk-amd64/jre/lib/amd64/libnet.so
7f2c086cc000-7f2c086cd000 ---p 00000000 00:00 0 
7f2c086cd000-7f2c087cd000 rw-p 00000000 00:00 0 
7f2c087cd000-7f2c087d0000 ---p 00000000 00:00 0 
7f2c087d0000-7f2c088ce000 rw-p 00000000 00:00 0 
7f2c088ce000-7f2c088cf000 ---p 00000000 00:00 0 
7f2c088cf000-7f2c088d2000 ---p 00000000 00:00 0 
7f2c088d2000-7f2c089cf000 rw-p 00000000 00:00 0 
7f2c089cf000-7f2c089d0000 ---p 00000000 00:00 0 
7f2c089d0000-7f2c089d3000 ---p 00000000 00:00 0 
7f2c089d3000-7f2c08ad0000 rw-p 00000000 00:00 0 
7f2c08ad0000-7f2c08ad1000 ---p 00000000 00:00 0 
7f2c08ad1000-7f2c08ad4000 ---p 00000000 00:00 0 
7f2c08ad4000-7f2c08bd1000 rw-p 00000000 00:00 0 
7f2c08bd1000-7f2c08bd4000 ---p 00000000 00:00 0 
7f2c08bd4000-7f2c08cd2000 rw-p 00000000 00:00 0 
7f2c08cd2000-7f2c08cd4000 r--s 0001b000 07:04 594                        /snap/intellij-idea-community/177/lib/idea_rt.jar
7f2c08cd4000-7f2c08cd5000 r--s 00003000 08:02 50332422                   /home/walid/.ivy2/cache/xmlenc/xmlenc/jars/xmlenc-0.52.jar
7f2c08cd5000-7f2c08cdd000 r--s 00028000 08:02 50332466                   /home/walid/.ivy2/cache/xml-apis/xml-apis/jars/xml-apis-1.3.04.jar
7f2c08cdd000-7f2c08cf5000 r--s 00115000 08:02 50332465                   /home/walid/.ivy2/cache/xerces/xercesImpl/jars/xercesImpl-2.9.1.jar
7f2c08cf5000-7f2c08cf7000 r--s 0000e000 08:02 50332372                   /home/walid/.ivy2/cache/oro/oro/jars/oro-2.0.8.jar
7f2c08cf7000-7f2c08cf9000 r--s 00100000 08:02 50334028                   /home/walid/.ivy2/cache/org.xerial.snappy/snappy-java/bundles/snappy-java-1.1.2.6.jar
7f2c08cf9000-7f2c08cfd000 r--s 00014000 08:02 50334173                   /home/walid/.ivy2/cache/org.tukaani/xz/jars/xz-1.0.jar
7f2c08cfd000-7f2c08cfe000 r--s 00000000 08:02 50332381                   /home/walid/.ivy2/cache/org.spark-project.spark/unused/jars/unused-1.0.0.jar
7f2c08cfe000-7f2c08d05000 r--s 0003e000 08:02 50332494                   /home/walid/.ivy2/cache/org.sonatype.sisu.inject/cglib/jars/cglib-2.2.1-v20090111.jar
7f2c08d05000-7f2c08d06000 r--s 00002000 08:02 50332327                   /home/walid/.ivy2/cache/org.slf4j/slf4j-log4j12/jars/slf4j-log4j12-1.7.16.jar
7f2c08d06000-7f2c08d08000 r--s 00009000 08:02 49545885                   /home/walid/.ivy2/cache/org.slf4j/slf4j-api/jars/slf4j-api-1.7.25.jar
7f2c08d08000-7f2c08d0a000 r--s 00000000 08:02 49941864                   /home/walid/.ivy2/cache/org.slf4j/jul-to-slf4j/jars/jul-to-slf4j-1.7.16.jar
7f2c08d0a000-7f2c08d0c000 r--s 00003000 08:02 50070894                   /home/walid/.ivy2/cache/org.slf4j/jcl-over-slf4j/jars/jcl-over-slf4j-1.7.16.jar
7f2c08d0c000-7f2c08d17000 r--s 0005d000 08:02 54921703                   /home/walid/.ivy2/cache/org.scala-lang.modules/scala-parser-combinators_2.11/bundles/scala-parser-combinators_2.11-1.0.4.jar
7f2c08d17000-7f2c08d1a000 r--s 0002f000 08:02 55837881                   /home/walid/.ivy2/cache/org.roaringbitmap/RoaringBitmap/bundles/RoaringBitmap-0.5.11.jar
7f2c08d1a000-7f2c08d1c000 r--s 00009000 08:02 50334175                   /home/walid/.ivy2/cache/org.objenesis/objenesis/jars/objenesis-2.1.jar
7f2c08d1c000-7f2c08d20000 r--s 00028000 08:02 50332464                   /home/walid/.ivy2/cache/org.mortbay.jetty/jetty-util/jars/jetty-util-6.1.26.jar
7f2c08d20000-7f2c08d23000 r--s 00058000 08:02 50332334                   /home/walid/.ivy2/cache/org.lz4/lz4-java/jars/lz4-java-1.4.0.jar
7f2c08d23000-7f2c08d24000 r--s 00009000 08:02 54921778                   /home/walid/.ivy2/cache/org.json4s/json4s-jackson_2.11/jars/json4s-jackson_2.11-3.2.11.jar
7f2c08d24000-7f2c08d2e000 r--s 00086000 08:02 54921781                   /home/walid/.ivy2/cache/org.json4s/json4s-core_2.11/jars/json4s-core_2.11-3.2.11.jar
7f2c08d2e000-7f2c08d31000 r--s 00012000 08:02 54921780                   /home/walid/.ivy2/cache/org.json4s/json4s-ast_2.11/jars/json4s-ast_2.11-3.2.11.jar
7f2c08d31000-7f2c08d3b000 r--s 000a5000 08:02 50332532                   /home/walid/.ivy2/cache/org.javassist/javassist/bundles/javassist-3.18.1-GA.jar
7f2c08d3b000-7f2c08d3d000 r--s 00006000 08:02 50332441                   /home/walid/.ivy2/cache/org.htrace/htrace-core/jars/htrace-core-3.0.4.jar
7f2c08d3d000-7f2c08d3f000 r--s 00010000 08:02 50332531                   /home/walid/.ivy2/cache/org.glassfish.jersey.media/jersey-media-jaxb/jars/jersey-media-jaxb-2.22.2.jar
7f2c08d3f000-7f2c08d55000 r--s 000d3000 08:02 50332348                   /home/walid/.ivy2/cache/org.glassfish.jersey.core/jersey-server/jars/jersey-server-2.22.2.jar
7f2c08d55000-7f2c08d63000 r--s 0009d000 08:02 50332345                   /home/walid/.ivy2/cache/org.glassfish.jersey.core/jersey-common/jars/jersey-common-2.22.2.jar
7f2c08d63000-7f2c08d67000 r--s 00025000 08:02 50332344                   /home/walid/.ivy2/cache/org.glassfish.jersey.core/jersey-client/jars/jersey-client-2.22.2.jar
7f2c08d67000-7f2c08d6a000 r--s 0000e000 08:02 50332350                   /home/walid/.ivy2/cache/org.glassfish.jersey.containers/jersey-container-servlet-core/jars/jersey-container-servlet-core-2.22.2.jar
7f2c08d6a000-7f2c08d6c000 r--s 00003000 08:02 50332349                   /home/walid/.ivy2/cache/org.glassfish.jersey.containers/jersey-container-servlet/jars/jersey-container-servlet-2.22.2.jar
7f2c08d6c000-7f2c08d84000 r--s 000d6000 08:02 50332527                   /home/walid/.ivy2/cache/org.glassfish.jersey.bundles.repackaged/jersey-guava/bundles/jersey-guava-2.22.2.jar
7f2c08d84000-7f2c08d85000 r--s 00001000 08:02 50332516                   /home/walid/.ivy2/cache/org.glassfish.hk2.external/javax.inject/jars/javax.inject-2.4.0-b34.jar
7f2c08d85000-7f2c08d87000 r--s 00002000 08:02 50332529                   /home/walid/.ivy2/cache/org.glassfish.hk2.external/aopalliance-repackaged/jars/aopalliance-repackaged-2.4.0-b34.jar
7f2c08d87000-7f2c08d88000 r--s 00004000 08:02 50332525                   /home/walid/.ivy2/cache/org.glassfish.hk2/osgi-resource-locator/jars/osgi-resource-locator-1.0.1.jar
7f2c08d88000-7f2c08d8c000 r--s 0001a000 08:02 50332526                   /home/walid/.ivy2/cache/org.glassfish.hk2/hk2-utils/jars/hk2-utils-2.4.0-b34.jar
7f2c08d8c000-7f2c08d90000 r--s 00029000 08:02 50332519                   /home/walid/.ivy2/cache/org.glassfish.hk2/hk2-locator/jars/hk2-locator-2.4.0-b34.jar
7f2c08d90000-7f2c08d95000 r--s 00027000 08:02 50332515                   /home/walid/.ivy2/cache/org.glassfish.hk2/hk2-api/jars/hk2-api-2.4.0-b34.jar
7f2c08d95000-7f2c08d98000 r--s 000fd000 08:02 50332495                   /home/walid/.ivy2/cache/org.fusesource.leveldbjni/leveldbjni-all/bundles/leveldbjni-all-1.8.jar
7f2c08d98000-7f2c08d9a000 r--s 0000f000 08:02 50332499                   /home/walid/.ivy2/cache/org.codehaus.jettison/jettison/bundles/jettison-1.1.jar
7f2c08d9a000-7f2c08da6000 r--s 000b7000 08:02 50334303                   /home/walid/.ivy2/cache/org.codehaus.janino/janino/jars/janino-3.0.8.jar
7f2c08da6000-7f2c08da8000 r--s 00008000 08:02 50334304                   /home/walid/.ivy2/cache/org.codehaus.janino/commons-compiler/jars/commons-compiler-3.0.8.jar
7f2c08da8000-7f2c08da9000 r--s 00006000 08:02 50332483                   /home/walid/.ivy2/cache/org.codehaus.jackson/jackson-xc/jars/jackson-xc-1.9.13.jar
7f2c08da9000-7f2c08db7000 r--s 000b1000 08:02 50332388                   /home/walid/.ivy2/cache/org.codehaus.jackson/jackson-mapper-asl/jars/jackson-mapper-asl-1.9.13.jar
7f2c08db7000-7f2c08db8000 r--s 00004000 08:02 50332482                   /home/walid/.ivy2/cache/org.codehaus.jackson/jackson-jaxrs/jars/jackson-jaxrs-1.9.13.jar
7f2c08db8000-7f2c08dbc000 r--s 00035000 08:02 50332385                   /home/walid/.ivy2/cache/org.codehaus.jackson/jackson-core-asl/jars/jackson-core-asl-1.9.13.jar
7f2c08dbc000-7f2c08dfc000 r--s 00285000 08:02 55968990                   /home/walid/.ivy2/cache/org.bouncycastle/bcprov-jdk15on/jars/bcprov-jdk15on-1.52.jar
7f2c08dfc000-7f2c08e08000 r--s 000b6000 08:02 50332314                   /home/walid/.ivy2/cache/org.apache.zookeeper/zookeeper/jars/zookeeper-3.4.6.jar
7f2c08e08000-7f2c08e0b000 r--s 00021000 08:02 54010345                   /home/walid/.ivy2/cache/org.apache.xbean/xbean-asm5-shaded/bundles/xbean-asm5-shaded-4.4.jar
7f2c08e0b000-7f2c08e0d000 r--s 0000a000 08:02 54921941                   /home/walid/.ivy2/cache/org.apache.spark/spark-unsafe_2.11/jars/spark-unsafe_2.11-2.3.1.jar
7f2c08e0d000-7f2c08e0e000 r--s 00003000 08:02 54921942                   /home/walid/.ivy2/cache/org.apache.spark/spark-tags_2.11/jars/spark-tags_2.11-2.3.1.jar
7f2c08e0e000-7f2c08eba000 r--s 0079f000 08:02 54921938                   /home/walid/.ivy2/cache/org.apache.spark/spark-sql_2.11/jars/spark-sql_2.11-2.3.1.jar
7f2c08eba000-7f2c08ebc000 r--s 00006000 08:02 54921944                   /home/walid/.ivy2/cache/org.apache.spark/spark-sketch_2.11/jars/spark-sketch_2.11-2.3.1.jar
7f2c08ebc000-7f2c08ebe000 r--s 0000e000 08:02 54921940                   /home/walid/.ivy2/cache/org.apache.spark/spark-network-shuffle_2.11/jars/spark-network-shuffle_2.11-2.3.1.jar
7f2c08ebe000-7f2c08eec000 r--s 00218000 08:02 54921937                   /home/walid/.ivy2/cache/org.apache.spark/spark-network-common_2.11/jars/spark-network-common_2.11-2.3.1.jar
7f2c08eec000-7f2c08eee000 r--s 00011000 08:02 54921935                   /home/walid/.ivy2/cache/org.apache.spark/spark-launcher_2.11/jars/spark-launcher_2.11-2.3.1.jar
7f2c08eee000-7f2c08ef0000 r--s 0000b000 08:02 54921939                   /home/walid/.ivy2/cache/org.apache.spark/spark-kvstore_2.11/jars/spark-kvstore_2.11-2.3.1.jar
7f2c08ef0000-7f2c08fdb000 r--s 00b81000 08:02 54921936                   /home/walid/.ivy2/cache/org.apache.spark/spark-core_2.11/jars/spark-core_2.11-2.3.1.jar
7f2c08fdb000-7f2c09083000 r--s 007ef000 08:02 54921945                   /home/walid/.ivy2/cache/org.apache.spark/spark-catalyst_2.11/jars/spark-catalyst_2.11-2.3.1.jar
7f2c09083000-7f2c09097000 r--s 000ec000 08:02 50334309                   /home/walid/.ivy2/cache/org.apache.parquet/parquet-jackson/jars/parquet-jackson-1.8.3.jar
7f2c09097000-7f2c0909c000 r--s 00039000 08:02 50334297                   /home/walid/.ivy2/cache/org.apache.parquet/parquet-hadoop/jars/parquet-hadoop-1.8.3.jar
7f2c0909c000-7f2c090a4000 r--s 00058000 08:02 50334188                   /home/walid/.ivy2/cache/org.apache.parquet/parquet-format/jars/parquet-format-2.3.1.jar
7f2c090a4000-7f2c090aa000 r--s 00040000 08:02 50334307                   /home/walid/.ivy2/cache/org.apache.parquet/parquet-encoding/jars/parquet-encoding-1.8.3.jar
7f2c090aa000-7f2c090ac000 r--s 00009000 08:02 50334306                   /home/walid/.ivy2/cache/org.apache.parquet/parquet-common/jars/parquet-common-1.8.3.jar
7f2c090ac000-7f2c090c3000 r--s 000d4000 08:02 50334295                   /home/walid/.ivy2/cache/org.apache.parquet/parquet-column/jars/parquet-column-1.8.3.jar
7f2c090c3000-7f2c090cd000 r--s 000af000 08:02 50334296                   /home/walid/.ivy2/cache/org.apache.orc/orc-mapreduce/jars/orc-mapreduce-1.4.4-nohive.jar
7f2c090cd000-7f2c090e0000 r--s 0014e000 08:02 50334294                   /home/walid/.ivy2/cache/org.apache.orc/orc-core/jars/orc-core-1.4.4-nohive.jar
7f2c090e0000-7f2c090f6000 r--s 00124000 08:02 50332370                   /home/walid/.ivy2/cache/org.apache.ivy/ivy/jars/ivy-2.4.0.jar
7f2c090f6000-7f2c090fd000 r--s 00048000 08:02 50334300                   /home/walid/.ivy2/cache/org.apache.httpcomponents/httpcore/jars/httpcore-4.4.1.jar
7f2c090fd000-7f2c0910a000 r--s 000a5000 08:02 50334301                   /home/walid/.ivy2/cache/org.apache.httpcomponents/httpclient/jars/httpclient-4.5.jar
7f2c0910a000-7f2c09110000 r--s 00049000 08:02 50332476                   /home/walid/.ivy2/cache/org.apache.hadoop/hadoop-yarn-server-common/jars/hadoop-yarn-server-common-2.6.5.jar
7f2c09110000-7f2c09127000 r--s 00177000 08:02 50332473                   /home/walid/.ivy2/cache/org.apache.hadoop/hadoop-yarn-common/jars/hadoop-yarn-common-2.6.5.jar
7f2c09127000-7f2c0912a000 r--s 00023000 08:02 50332475                   /home/walid/.ivy2/cache/org.apache.hadoop/hadoop-yarn-client/jars/hadoop-yarn-client-2.6.5.jar
7f2c0912a000-7f2c09144000 r--s 001b5000 08:02 50332413                   /home/walid/.ivy2/cache/org.apache.hadoop/hadoop-yarn-api/jars/hadoop-yarn-api-2.6.5.jar
7f2c09144000-7f2c09146000 r--s 0000f000 08:02 50332469                   /home/walid/.ivy2/cache/org.apache.hadoop/hadoop-mapreduce-client-shuffle/jars/hadoop-mapreduce-client-shuffle-2.6.5.jar
7f2c09146000-7f2c09147000 r--s 0000e000 08:02 50332414                   /home/walid/.ivy2/cache/org.apache.hadoop/hadoop-mapreduce-client-jobclient/jars/hadoop-mapreduce-client-jobclient-2.6.5.jar
7f2c09147000-7f2c09160000 r--s 0015f000 08:02 50332412                   /home/walid/.ivy2/cache/org.apache.hadoop/hadoop-mapreduce-client-core/jars/hadoop-mapreduce-client-core-2.6.5.jar
7f2c09160000-7f2c0916c000 r--s 0009d000 08:02 50332471                   /home/walid/.ivy2/cache/org.apache.hadoop/hadoop-mapreduce-client-common/jars/hadoop-mapreduce-client-common-2.6.5.jar
7f2c0916c000-7f2c09176000 r--s 00078000 08:02 50332410                   /home/walid/.ivy2/cache/org.apache.hadoop/hadoop-mapreduce-client-app/jars/hadoop-mapreduce-client-app-2.6.5.jar
7f2c09176000-7f2c091dd000 r--s 0072d000 08:02 50332405                   /home/walid/.ivy2/cache/org.apache.hadoop/hadoop-hdfs/jars/hadoop-hdfs-2.6.5.jar
7f2c091dd000-7f2c09213000 r--s 002fe000 08:02 50332406                   /home/walid/.ivy2/cache/org.apache.hadoop/hadoop-common/jars/hadoop-common-2.6.5.jar
7f2c09213000-7f2c09214000 r--s 00006000 08:02 50332298                   /home/walid/.ivy2/cache/org.apache.hadoop/hadoop-client/jars/hadoop-client-2.6.5.jar
7f2c09214000-7f2c09217000 r--s 00014000 08:02 50332440                   /home/walid/.ivy2/cache/org.apache.hadoop/hadoop-auth/jars/hadoop-auth-2.6.5.jar
7f2c09217000-7f2c09218000 r--s 00009000 08:02 50332417                   /home/walid/.ivy2/cache/org.apache.hadoop/hadoop-annotations/jars/hadoop-annotations-2.6.5.jar
7f2c09218000-7f2c0922a000 r--s 00097000 08:02 50332452                   /home/walid/.ivy2/cache/org.apache.directory.server/apacheds-kerberos-codec/bundles/apacheds-kerberos-codec-2.0.0-M15.jar
7f2c0922a000-7f2c0922b000 r--s 0000a000 08:02 50332455                   /home/walid/.ivy2/cache/org.apache.directory.server/apacheds-i18n/bundles/apacheds-i18n-2.0.0-M15.jar
7f2c0922b000-7f2c0922d000 r--s 00012000 08:02 50332459                   /home/walid/.ivy2/cache/org.apache.directory.api/api-util/bundles/api-util-1.0.0-M20.jar
7f2c0922d000-7f2c0922f000 r--s 00003000 08:02 50332456                   /home/walid/.ivy2/cache/org.apache.directory.api/api-asn1-api/bundles/api-asn1-api-1.0.0-M20.jar
7f2c0922f000-7f2c09236000 r--s 00036000 08:02 50332313                   /home/walid/.ivy2/cache/org.apache.curator/curator-recipes/bundles/curator-recipes-2.6.0.jar
7f2c09236000-7f2c0923c000 r--s 00028000 08:02 50332450                   /home/walid/.ivy2/cache/org.apache.curator/curator-framework/bundles/curator-framework-2.6.0.jar
7f2c0923c000-7f2c0923e000 r--s 0000f000 08:02 50332437                   /home/walid/.ivy2/cache/org.apache.curator/curator-client/bundles/curator-client-2.6.0.jar
7f2c0923e000-7f2c09262000 r--s 001cd000 08:02 50332320                   /home/walid/.ivy2/cache/org.apache.commons/commons-math3/jars/commons-math3-3.4.1.jar
7f2c09262000-7f2c0926a000 r--s 0006e000 08:02 50332319                   /home/walid/.ivy2/cache/org.apache.commons/commons-lang3/jars/commons-lang3-3.5.jar
7f2c0926a000-7f2c0926c000 r--s 0001f000 08:02 50332382                   /home/walid/.ivy2/cache/org.apache.commons/commons-crypto/jars/commons-crypto-1.0.0.jar
7f2c0926c000-7f2c09271000 r--s 00036000 08:02 50334172                   /home/walid/.ivy2/cache/org.apache.commons/commons-compress/jars/commons-compress-1.4.1.jar
7f2c09271000-7f2c09276000 r--s 00028000 08:02 50334163                   /home/walid/.ivy2/cache/org.apache.avro/avro-mapred/jars/avro-mapred-1.7.7-hadoop2.jar
7f2c09276000-7f2c0927d000 r--s 0004e000 08:02 50334176                   /home/walid/.ivy2/cache/org.apache.avro/avro-ipc/jars/avro-ipc-1.7.7-tests.jar
7f2c0927d000-7f2c09281000 r--s 0002c000 08:02 50334177                   /home/walid/.ivy2/cache/org.apache.avro/avro-ipc/jars/avro-ipc-1.7.7.jar
7f2c09281000-7f2c0928a000 r--s 00062000 08:02 50334223                   /home/walid/.ivy2/cache/org.apache.avro/avro/jars/avro-1.7.7.jar
7f2c0928a000-7f2c0929a000 r--s 00127000 08:02 50334298                   /home/walid/.ivy2/cache/org.apache.arrow/arrow-vector/jars/arrow-vector-0.8.0.jar
7f2c0929a000-7f2c0929c000 r--s 00012000 08:02 50334310                   /home/walid/.ivy2/cache/org.apache.arrow/arrow-memory/jars/arrow-memory-0.8.0.jar
7f2c0929c000-7f2c0929e000 r--s 0000b000 08:02 50334308                   /home/walid/.ivy2/cache/org.apache.arrow/arrow-format/jars/arrow-format-0.8.0.jar
7f2c0929e000-7f2c092a4000 r--s 0004c000 08:02 50333150                   /home/walid/.ivy2/cache/org.antlr/antlr4-runtime/jars/antlr4-runtime-4.7.jar
7f2c092a4000-7f2c092a6000 r--s 0001c000 08:02 50332379                   /home/walid/.ivy2/cache/net.sf.py4j/py4j/jars/py4j-0.10.7.jar
7f2c092a6000-7f2c092a9000 r--s 00015000 08:02 50332378                   /home/walid/.ivy2/cache/net.razorvine/pyrolite/jars/pyrolite-4.13.jar
7f2c092a9000-7f2c092c4000 r--s 001d9000 08:02 54140701                   /home/walid/.ivy2/cache/net.java.dev.jets3t/jets3t/jars/jets3t-0.9.4.jar
7f2c092c4000-7f2c092c6000 r--s 00003000 08:02 55968980                   /home/walid/.ivy2/cache/net.iharder/base64/jars/base64-2.3.8.jar
7f2c092c6000-7f2c092cf000 r--s 0006f000 08:02 50332326                   /home/walid/.ivy2/cache/log4j/log4j/bundles/log4j-1.2.17.jar
7f2c092cf000-7f2c092e0000 r--s 0008a000 08:02 50333168                   /home/walid/.ivy2/cache/joda-time/joda-time/jars/joda-time-2.9.9.jar
7f2c092e0000-7f2c092e2000 r--s 00014000 08:02 49548067                   /home/walid/.ivy2/cache/jline/jline/jars/jline-0.9.94.jar
7f2c092e2000-7f2c092e4000 r--s 00004000 08:02 50332487                   /home/walid/.ivy2/cache/javax.xml.stream/stax-api/jars/stax-api-1.0-2.jar
7f2c092e4000-7f2c092e7000 r--s 00017000 08:02 50332480                   /home/walid/.ivy2/cache/javax.xml.bind/jaxb-api/jars/jaxb-api-2.2.2.jar
7f2c092e7000-7f2c092eb000 r--s 00019000 08:02 50332513                   /home/walid/.ivy2/cache/javax.ws.rs/javax.ws.rs-api/jars/javax.ws.rs-api-2.0.1.jar
7f2c092eb000-7f2c092ef000 r--s 0000c000 08:02 50332535                   /home/walid/.ivy2/cache/javax.validation/validation-api/jars/validation-api-1.1.0.Final.jar
7f2c092ef000-7f2c092f2000 r--s 00015000 08:02 50332317                   /home/walid/.ivy2/cache/javax.servlet/javax.servlet-api/jars/javax.servlet-api-3.1.0.jar
7f2c092f2000-7f2c092f3000 r--s 00000000 08:02 50332488                   /home/walid/.ivy2/cache/javax.inject/javax.inject/jars/javax.inject-1.jar
7f2c092f3000-7f2c092f5000 r--s 00005000 08:02 50332520                   /home/walid/.ivy2/cache/javax.annotation/javax.annotation-api/jars/javax.annotation-api-1.2.jar
7f2c092f5000-7f2c092f7000 r--s 0000f000 08:02 50332312                   /home/walid/.ivy2/cache/javax.activation/activation/jars/activation-1.1.1.jar
7f2c092f7000-7f2c09338000 r--s 0035a000 08:02 50332352                   /home/walid/.ivy2/cache/io.netty/netty-all/jars/netty-all-4.1.17.Final.jar
7f2c09338000-7f2c09351000 r--s 0012c000 08:02 50332356                   /home/walid/.ivy2/cache/io.netty/netty/bundles/netty-3.9.9.Final.jar
7f2c09351000-7f2c09353000 r--s 00008000 08:02 50332360                   /home/walid/.ivy2/cache/io.dropwizard.metrics/metrics-jvm/bundles/metrics-jvm-3.1.5.jar
7f2c09353000-7f2c09354000 r--s 00003000 08:02 50332362                   /home/walid/.ivy2/cache/io.dropwizard.metrics/metrics-json/bundles/metrics-json-3.1.5.jar
7f2c09354000-7f2c09356000 r--s 00004000 08:02 50332368                   /home/walid/.ivy2/cache/io.dropwizard.metrics/metrics-graphite/bundles/metrics-graphite-3.1.5.jar
7f2c09356000-7f2c0935a000 r--s 0001a000 08:02 50332358                   /home/walid/.ivy2/cache/io.dropwizard.metrics/metrics-core/bundles/metrics-core-3.1.5.jar
7f2c0935a000-7f2c0935c000 r--s 0001e000 08:02 50334305                   /home/walid/.ivy2/cache/io.airlift/aircompressor/jars/aircompressor-0.8.jar
7f2c0935c000-7f2c09360000 r--s 00030000 08:02 50334165                   /home/walid/.ivy2/cache/commons-net/commons-net/jars/commons-net-2.2.jar
7f2c09360000-7f2c09365000 r--s 00041000 08:02 50332430                   /home/walid/.ivy2/cache/commons-lang/commons-lang/jars/commons-lang-2.6.jar
7f2c09365000-7f2c09369000 r--s 0002a000 08:02 50332426                   /home/walid/.ivy2/cache/commons-io/commons-io/jars/commons-io-2.4.jar
7f2c09369000-7f2c0936f000 r--s 00045000 08:02 50332425                   /home/walid/.ivy2/cache/commons-httpclient/commons-httpclient/jars/commons-httpclient-3.1.jar
7f2c0936f000-7f2c09373000 r--s 00020000 08:02 50332443                   /home/walid/.ivy2/cache/commons-digester/commons-digester/jars/commons-digester-1.8.jar
7f2c09373000-7f2c09379000 r--s 00043000 08:02 50332432                   /home/walid/.ivy2/cache/commons-configuration/commons-configuration/jars/commons-configuration-1.6.jar
7f2c09379000-7f2c09386000 r--s 00083000 08:02 50332431                   /home/walid/.ivy2/cache/commons-collections/commons-collections/jars/commons-collections-3.2.2.jar
7f2c09386000-7f2c0938d000 r--s 0004e000 08:02 50334302                   /home/walid/.ivy2/cache/commons-codec/commons-codec/jars/commons-codec-1.13.jar
7f2c0938d000-7f2c0938f000 r--s 00009000 08:02 50332421                   /home/walid/.ivy2/cache/commons-cli/commons-cli/jars/commons-cli-1.2.jar
7f2c0938f000-7f2c09393000 r--s 0002f000 08:02 55837883                   /home/walid/.ivy2/cache/commons-beanutils/commons-beanutils-core/jars/commons-beanutils-core-1.8.0.jar
7f2c09393000-7f2c09398000 r--s 0002a000 08:02 50332445                   /home/walid/.ivy2/cache/commons-beanutils/commons-beanutils/jars/commons-beanutils-1.7.0.jar
7f2c09398000-7f2c093a0000 r--s 00056000 08:02 50334293                   /home/walid/.ivy2/cache/com.univocity/univocity-parsers/jars/univocity-parsers-2.5.9.jar
7f2c093a0000-7f2c093a4000 r--s 00033000 08:02 54921848                   /home/walid/.ivy2/cache/com.twitter/chill_2.11/jars/chill_2.11-0.8.4.jar
7f2c093a4000-7f2c093a6000 r--s 0000d000 08:02 50334299                   /home/walid/.ivy2/cache/com.twitter/chill-java/jars/chill-java-0.8.4.jar
7f2c093a6000-7f2c093a8000 r--s 00007000 08:02 50332393                   /home/walid/.ivy2/cache/com.thoughtworks.paranamer/paranamer/bundles/paranamer-2.8.jar
7f2c093a8000-7f2c093aa000 r--s 00012000 08:02 50332328                   /home/walid/.ivy2/cache/com.ning/compress-lzf/bundles/compress-lzf-1.0.3.jar
7f2c093aa000-7f2c093ac000 r--s 00003000 08:02 55968991                   /home/walid/.ivy2/cache/com.jamesmurty.utils/java-xmlbuilder/jars/java-xmlbuilder-1.1.jar
7f2c093ac000-7f2c093b4000 r--s 0007b000 08:02 49548066                   /home/walid/.ivy2/cache/com.google.protobuf/protobuf-java/bundles/protobuf-java-2.5.0.jar
7f2c093b4000-7f2c093c3000 r--s 0009f000 08:02 50332485                   /home/walid/.ivy2/cache/com.google.inject/guice/jars/guice-3.0.jar
7f2c093c3000-7f2c093e4000 r--s 00172000 08:02 50332418                   /home/walid/.ivy2/cache/com.google.guava/guava/jars/guava-11.0.2.jar
7f2c093e4000-7f2c093e9000 r--s 0002a000 08:02 50332434                   /home/walid/.ivy2/cache/com.google.code.gson/gson/jars/gson-2.2.4.jar
7f2c093e9000-7f2c093eb000 r--s 00003000 08:02 50333173                   /home/walid/.ivy2/cache/com.google.code.findbugs/jsr305/jars/jsr305-3.0.2.jar
7f2c093eb000-7f2c093ed000 r--s 00238000 08:02 50332336                   /home/walid/.ivy2/cache/com.github.luben/zstd-jni/bundles/zstd-jni-1.3.2-2.jar
7f2c093ed000-7f2c093fa000 r--s 00071000 08:02 54919390                   /home/walid/.ivy2/cache/com.fasterxml.jackson.module/jackson-module-scala_2.11/bundles/jackson-module-scala_2.11-2.6.7.1.jar
7f2c093fa000-7f2c0940b000 r--s 0010c000 08:02 50332371                   /home/walid/.ivy2/cache/com.fasterxml.jackson.core/jackson-databind/bundles/jackson-databind-2.6.7.1.jar
7f2c0940b000-7f2c094fb000 r--s 00c16000 08:02 49548294                   /home/walid/.ivy2/cache/org.scala-lang/scala-compiler/jars/scala-compiler-2.11.0.jar
7f2c094fb000-7f2c09554000 r--s 004f9000 08:02 49548292                   /home/walid/.ivy2/cache/org.scala-lang/scala-library/jars/scala-library-2.11.0.jar
7f2c09554000-7f2c09557000 ---p 00000000 00:00 0 
7f2c09557000-7f2c09655000 rw-p 00000000 00:00 0 
7f2c09655000-7f2c0a024000 r--p 00000000 08:02 18881126                   /usr/lib/locale/locale-archive
7f2c0a024000-7f2c0a027000 ---p 00000000 00:00 0 
7f2c0a027000-7f2c0a125000 rw-p 00000000 00:00 0 
7f2c0a125000-7f2c0a128000 ---p 00000000 00:00 0 
7f2c0a128000-7f2c0a226000 rw-p 00000000 00:00 0 
7f2c0a226000-7f2c0a227000 ---p 00000000 00:00 0 
7f2c0a227000-7f2c0c000000 rw-p 00000000 00:00 0 
7f2c0c000000-7f2c0c029000 rw-p 00000000 00:00 0 
7f2c0c029000-7f2c10000000 ---p 00000000 00:00 0 
7f2c10000000-7f2c10001000 r--s 00002000 08:02 50333174                   /home/walid/.ivy2/cache/com.vlkan/flatbuffers/jars/flatbuffers-1.2.0-3f79e055.jar
7f2c10001000-7f2c10003000 r--s 00009000 08:02 50332536                   /home/walid/.ivy2/cache/com.fasterxml.jackson.module/jackson-module-paranamer/bundles/jackson-module-paranamer-2.7.9.jar
7f2c10003000-7f2c10006000 r--s 0003b000 08:02 50333171                   /home/walid/.ivy2/cache/com.fasterxml.jackson.core/jackson-core/bundles/jackson-core-2.7.9.jar
7f2c10006000-7f2c10009000 r--s 00009000 08:02 50332502                   /home/walid/.ivy2/cache/com.fasterxml.jackson.core/jackson-annotations/bundles/jackson-annotations-2.6.7.jar
7f2c10009000-7f2c10010000 r--s 00051000 08:02 50334174                   /home/walid/.ivy2/cache/com.esotericsoftware/kryo-shaded/bundles/kryo-shaded-3.0.3.jar
7f2c10010000-7f2c10013000 r--s 00028000 08:02 50332359                   /home/walid/.ivy2/cache/com.clearspring.analytics/stream/jars/stream-2.7.0.jar
7f2c10013000-7f2c10034000 r--s 00177000 08:02 50333172                   /home/walid/.ivy2/cache/com.carrotsearch/hppc/bundles/hppc-0.7.2.jar
7f2c10034000-7f2c1003e000 r--s 000eb000 08:02 57147802                   /home/walid/.ivy2/cache/mysql/mysql-connector-java/jars/mysql-connector-java-5.1.44.jar
7f2c1003e000-7f2c10089000 r--s 003ed000 08:02 49548295                   /home/walid/.ivy2/cache/org.scala-lang/scala-reflect/jars/scala-reflect-2.11.0.jar
7f2c10089000-7f2c1009b000 r--s 000ab000 08:02 55968987                   /home/walid/.ivy2/cache/org.scala-lang/scalap/jars/scalap-2.11.0.jar
7f2c1009b000-7f2c102eb000 rw-p 00000000 00:00 0 
7f2c102eb000-7f2c104ba000 r--s 03c3b000 08:02 18880521                   /usr/lib/jvm/java-8-openjdk-amd64/jre/lib/rt.jar
7f2c104ba000-7f2c10530000 rw-p 00000000 00:00 0 
7f2c10530000-7f2c10531000 ---p 00000000 00:00 0 
7f2c10531000-7f2c10631000 rw-p 00000000 00:00 0 
7f2c10631000-7f2c10632000 ---p 00000000 00:00 0 
7f2c10632000-7f2c10732000 rw-p 00000000 00:00 0 
7f2c10732000-7f2c10733000 ---p 00000000 00:00 0 
7f2c10733000-7f2c10857000 rw-p 00000000 00:00 0 
7f2c10857000-7f2c10d65000 ---p 00000000 00:00 0 
7f2c10d65000-7f2c10e74000 rw-p 00000000 00:00 0 
7f2c10e74000-7f2c10fff000 ---p 00000000 00:00 0 
7f2c10fff000-7f2c11000000 rw-p 00000000 00:00 0 
7f2c11000000-7f2c12040000 rwxp 00000000 00:00 0 
7f2c12040000-7f2c20000000 ---p 00000000 00:00 0 
7f2c20000000-7f2c218bb000 rw-p 00000000 00:00 0 
7f2c218bb000-7f2c24000000 ---p 00000000 00:00 0 
7f2c24000000-7f2c24001000 r--s 00001000 08:02 50332402                   /home/walid/.ivy2/cache/com.esotericsoftware/minlog/bundles/minlog-1.3.0.jar
7f2c24001000-7f2c2400c000 r--s 00096000 08:02 54919416                   /home/walid/.ivy2/cache/org.scala-lang.modules/scala-xml_2.11/bundles/scala-xml_2.11-1.0.1.jar
7f2c2400c000-7f2c2400e000 r--s 00000000 08:02 50332491                   /home/walid/.ivy2/cache/aopalliance/aopalliance/jars/aopalliance-1.0.jar
7f2c2400e000-7f2c24021000 r--s 00346000 08:02 18880520                   /usr/lib/jvm/java-8-openjdk-amd64/jre/lib/resources.jar
7f2c24021000-7f2c24025000 r--s 000a1000 08:02 18880515                   /usr/lib/jvm/java-8-openjdk-amd64/jre/lib/jsse.jar
7f2c24025000-7f2c24027000 r--s 00016000 08:02 18880513                   /usr/lib/jvm/java-8-openjdk-amd64/jre/lib/jce.jar
7f2c24027000-7f2c2402c000 r--s 002f9000 08:02 18880482                   /usr/lib/jvm/java-8-openjdk-amd64/jre/lib/charsets.jar
7f2c2402c000-7f2c2402e000 r--s 00001000 08:02 18880493                   /usr/lib/jvm/java-8-openjdk-amd64/jre/lib/ext/dnsns.jar
7f2c2402e000-7f2c24038000 r--s 00116000 08:02 18880496                   /usr/lib/jvm/java-8-openjdk-amd64/jre/lib/ext/localedata.jar
7f2c24038000-7f2c24039000 ---p 00000000 00:00 0 
7f2c24039000-7f2c2415d000 rw-p 00000000 00:00 0 
7f2c2415d000-7f2c2466c000 ---p 00000000 00:00 0 
7f2c2466c000-7f2c246ad000 rw-p 00000000 00:00 0 
7f2c246ad000-7f2c24a2c000 ---p 00000000 00:00 0 
7f2c24a2c000-7f2c24a34000 r-xp 00000000 08:02 18880478                   /usr/lib/jvm/java-8-openjdk-amd64/jre/lib/amd64/libzip.so
7f2c24a34000-7f2c24c33000 ---p 00008000 08:02 18880478                   /usr/lib/jvm/java-8-openjdk-amd64/jre/lib/amd64/libzip.so
7f2c24c33000-7f2c24c34000 r--p 00007000 08:02 18880478                   /usr/lib/jvm/java-8-openjdk-amd64/jre/lib/amd64/libzip.so
7f2c24c34000-7f2c24c35000 rw-p 00008000 08:02 18880478                   /usr/lib/jvm/java-8-openjdk-amd64/jre/lib/amd64/libzip.so
7f2c24c35000-7f2c24c40000 r-xp 00000000 08:02 31200010                   /lib/x86_64-linux-gnu/libnss_files-2.27.so
7f2c24c40000-7f2c24e3f000 ---p 0000b000 08:02 31200010                   /lib/x86_64-linux-gnu/libnss_files-2.27.so
7f2c24e3f000-7f2c24e40000 r--p 0000a000 08:02 31200010                   /lib/x86_64-linux-gnu/libnss_files-2.27.so
7f2c24e40000-7f2c24e41000 rw-p 0000b000 08:02 31200010                   /lib/x86_64-linux-gnu/libnss_files-2.27.so
7f2c24e41000-7f2c24e47000 rw-p 00000000 00:00 0 
7f2c24e47000-7f2c24e5e000 r-xp 00000000 08:02 31200004                   /lib/x86_64-linux-gnu/libnsl-2.27.so
7f2c24e5e000-7f2c2505d000 ---p 00017000 08:02 31200004                   /lib/x86_64-linux-gnu/libnsl-2.27.so
7f2c2505d000-7f2c2505e000 r--p 00016000 08:02 31200004                   /lib/x86_64-linux-gnu/libnsl-2.27.so
7f2c2505e000-7f2c2505f000 rw-p 00017000 08:02 31200004                   /lib/x86_64-linux-gnu/libnsl-2.27.so
7f2c2505f000-7f2c25061000 rw-p 00000000 00:00 0 
7f2c25061000-7f2c2506c000 r-xp 00000000 08:02 31200021                   /lib/x86_64-linux-gnu/libnss_nis-2.27.so
7f2c2506c000-7f2c2526b000 ---p 0000b000 08:02 31200021                   /lib/x86_64-linux-gnu/libnss_nis-2.27.so
7f2c2526b000-7f2c2526c000 r--p 0000a000 08:02 31200021                   /lib/x86_64-linux-gnu/libnss_nis-2.27.so
7f2c2526c000-7f2c2526d000 rw-p 0000b000 08:02 31200021                   /lib/x86_64-linux-gnu/libnss_nis-2.27.so
7f2c2526d000-7f2c25275000 r-xp 00000000 08:02 31200006                   /lib/x86_64-linux-gnu/libnss_compat-2.27.so
7f2c25275000-7f2c25475000 ---p 00008000 08:02 31200006                   /lib/x86_64-linux-gnu/libnss_compat-2.27.so
7f2c25475000-7f2c25476000 r--p 00008000 08:02 31200006                   /lib/x86_64-linux-gnu/libnss_compat-2.27.so
7f2c25476000-7f2c25477000 rw-p 00009000 08:02 31200006                   /lib/x86_64-linux-gnu/libnss_compat-2.27.so
7f2c25477000-7f2c25481000 r-xp 00000000 08:02 18880451                   /usr/lib/jvm/java-8-openjdk-amd64/jre/lib/amd64/libinstrument.so
7f2c25481000-7f2c25680000 ---p 0000a000 08:02 18880451                   /usr/lib/jvm/java-8-openjdk-amd64/jre/lib/amd64/libinstrument.so
7f2c25680000-7f2c25681000 r--p 00009000 08:02 18880451                   /usr/lib/jvm/java-8-openjdk-amd64/jre/lib/amd64/libinstrument.so
7f2c25681000-7f2c25682000 rw-p 0000a000 08:02 18880451                   /usr/lib/jvm/java-8-openjdk-amd64/jre/lib/amd64/libinstrument.so
7f2c25682000-7f2c256ae000 r-xp 00000000 08:02 18880459                   /usr/lib/jvm/java-8-openjdk-amd64/jre/lib/amd64/libjava.so
7f2c256ae000-7f2c258ad000 ---p 0002c000 08:02 18880459                   /usr/lib/jvm/java-8-openjdk-amd64/jre/lib/amd64/libjava.so
7f2c258ad000-7f2c258ae000 r--p 0002b000 08:02 18880459                   /usr/lib/jvm/java-8-openjdk-amd64/jre/lib/amd64/libjava.so
7f2c258ae000-7f2c258b0000 rw-p 0002c000 08:02 18880459                   /usr/lib/jvm/java-8-openjdk-amd64/jre/lib/amd64/libjava.so
7f2c258b0000-7f2c258c0000 r-xp 00000000 08:02 18880477                   /usr/lib/jvm/java-8-openjdk-amd64/jre/lib/amd64/libverify.so
7f2c258c0000-7f2c25abf000 ---p 00010000 08:02 18880477                   /usr/lib/jvm/java-8-openjdk-amd64/jre/lib/amd64/libverify.so
7f2c25abf000-7f2c25ac1000 r--p 0000f000 08:02 18880477                   /usr/lib/jvm/java-8-openjdk-amd64/jre/lib/amd64/libverify.so
7f2c25ac1000-7f2c25ac2000 rw-p 00011000 08:02 18880477                   /usr/lib/jvm/java-8-openjdk-amd64/jre/lib/amd64/libverify.so
7f2c25ac2000-7f2c25ac9000 r-xp 00000000 08:02 31200061                   /lib/x86_64-linux-gnu/librt-2.27.so
7f2c25ac9000-7f2c25cc8000 ---p 00007000 08:02 31200061                   /lib/x86_64-linux-gnu/librt-2.27.so
7f2c25cc8000-7f2c25cc9000 r--p 00006000 08:02 31200061                   /lib/x86_64-linux-gnu/librt-2.27.so
7f2c25cc9000-7f2c25cca000 rw-p 00007000 08:02 31200061                   /lib/x86_64-linux-gnu/librt-2.27.so
7f2c25cca000-7f2c25ce1000 r-xp 00000000 08:02 31195227                   /lib/x86_64-linux-gnu/libgcc_s.so.1
7f2c25ce1000-7f2c25ee0000 ---p 00017000 08:02 31195227                   /lib/x86_64-linux-gnu/libgcc_s.so.1
7f2c25ee0000-7f2c25ee1000 r--p 00016000 08:02 31195227                   /lib/x86_64-linux-gnu/libgcc_s.so.1
7f2c25ee1000-7f2c25ee2000 rw-p 00017000 08:02 31195227                   /lib/x86_64-linux-gnu/libgcc_s.so.1
7f2c25ee2000-7f2c2607f000 r-xp 00000000 08:02 31199983                   /lib/x86_64-linux-gnu/libm-2.27.so
7f2c2607f000-7f2c2627e000 ---p 0019d000 08:02 31199983                   /lib/x86_64-linux-gnu/libm-2.27.so
7f2c2627e000-7f2c2627f000 r--p 0019c000 08:02 31199983                   /lib/x86_64-linux-gnu/libm-2.27.so
7f2c2627f000-7f2c26280000 rw-p 0019d000 08:02 31199983                   /lib/x86_64-linux-gnu/libm-2.27.so
7f2c26280000-7f2c263f9000 r-xp 00000000 08:02 18877285                   /usr/lib/x86_64-linux-gnu/libstdc++.so.6.0.25
7f2c263f9000-7f2c265f9000 ---p 00179000 08:02 18877285                   /usr/lib/x86_64-linux-gnu/libstdc++.so.6.0.25
7f2c265f9000-7f2c26603000 r--p 00179000 08:02 18877285                   /usr/lib/x86_64-linux-gnu/libstdc++.so.6.0.25
7f2c26603000-7f2c26605000 rw-p 00183000 08:02 18877285                   /usr/lib/x86_64-linux-gnu/libstdc++.so.6.0.25
7f2c26605000-7f2c26609000 rw-p 00000000 00:00 0 
7f2c26609000-7f2c272a6000 r-xp 00000000 08:02 18880481                   /usr/lib/jvm/java-8-openjdk-amd64/jre/lib/amd64/server/libjvm.so
7f2c272a6000-7f2c274a5000 ---p 00c9d000 08:02 18880481                   /usr/lib/jvm/java-8-openjdk-amd64/jre/lib/amd64/server/libjvm.so
7f2c274a5000-7f2c27539000 r--p 00c9c000 08:02 18880481                   /usr/lib/jvm/java-8-openjdk-amd64/jre/lib/amd64/server/libjvm.so
7f2c27539000-7f2c27562000 rw-p 00d30000 08:02 18880481                   /usr/lib/jvm/java-8-openjdk-amd64/jre/lib/amd64/server/libjvm.so
7f2c27562000-7f2c27592000 rw-p 00000000 00:00 0 
7f2c27592000-7f2c275ac000 r-xp 00000000 08:02 31200053                   /lib/x86_64-linux-gnu/libpthread-2.27.so
7f2c275ac000-7f2c277ab000 ---p 0001a000 08:02 31200053                   /lib/x86_64-linux-gnu/libpthread-2.27.so
7f2c277ab000-7f2c277ac000 r--p 00019000 08:02 31200053                   /lib/x86_64-linux-gnu/libpthread-2.27.so
7f2c277ac000-7f2c277ad000 rw-p 0001a000 08:02 31200053                   /lib/x86_64-linux-gnu/libpthread-2.27.so
7f2c277ad000-7f2c277b1000 rw-p 00000000 00:00 0 
7f2c277b1000-7f2c277b4000 r-xp 00000000 08:02 31199943                   /lib/x86_64-linux-gnu/libdl-2.27.so
7f2c277b4000-7f2c279b3000 ---p 00003000 08:02 31199943                   /lib/x86_64-linux-gnu/libdl-2.27.so
7f2c279b3000-7f2c279b4000 r--p 00002000 08:02 31199943                   /lib/x86_64-linux-gnu/libdl-2.27.so
7f2c279b4000-7f2c279b5000 rw-p 00003000 08:02 31199943                   /lib/x86_64-linux-gnu/libdl-2.27.so
7f2c279b5000-7f2c279d1000 r-xp 00000000 08:02 31200092                   /lib/x86_64-linux-gnu/libz.so.1.2.11
7f2c279d1000-7f2c27bd0000 ---p 0001c000 08:02 31200092                   /lib/x86_64-linux-gnu/libz.so.1.2.11
7f2c27bd0000-7f2c27bd1000 r--p 0001b000 08:02 31200092                   /lib/x86_64-linux-gnu/libz.so.1.2.11
7f2c27bd1000-7f2c27bd2000 rw-p 0001c000 08:02 31200092                   /lib/x86_64-linux-gnu/libz.so.1.2.11
7f2c27bd2000-7f2c27db9000 r-xp 00000000 08:02 31199920                   /lib/x86_64-linux-gnu/libc-2.27.so
7f2c27db9000-7f2c27fb9000 ---p 001e7000 08:02 31199920                   /lib/x86_64-linux-gnu/libc-2.27.so
7f2c27fb9000-7f2c27fbd000 r--p 001e7000 08:02 31199920                   /lib/x86_64-linux-gnu/libc-2.27.so
7f2c27fbd000-7f2c27fbf000 rw-p 001eb000 08:02 31199920                   /lib/x86_64-linux-gnu/libc-2.27.so
7f2c27fbf000-7f2c27fc3000 rw-p 00000000 00:00 0 
7f2c27fc3000-7f2c27fd1000 r-xp 00000000 08:02 18880427                   /usr/lib/jvm/java-8-openjdk-amd64/jre/lib/amd64/jli/libjli.so
7f2c27fd1000-7f2c281d0000 ---p 0000e000 08:02 18880427                   /usr/lib/jvm/java-8-openjdk-amd64/jre/lib/amd64/jli/libjli.so
7f2c281d0000-7f2c281d1000 r--p 0000d000 08:02 18880427                   /usr/lib/jvm/java-8-openjdk-amd64/jre/lib/amd64/jli/libjli.so
7f2c281d1000-7f2c281d2000 rw-p 0000e000 08:02 18880427                   /usr/lib/jvm/java-8-openjdk-amd64/jre/lib/amd64/jli/libjli.so
7f2c281d2000-7f2c281f9000 r-xp 00000000 08:02 31199892                   /lib/x86_64-linux-gnu/ld-2.27.so
7f2c281f9000-7f2c281fa000 r--s 00000000 08:02 18880518                   /usr/lib/jvm/java-8-openjdk-amd64/jre/lib/management-agent.jar
7f2c281fa000-7f2c281fd000 r--s 0000f000 08:02 18880494                   /usr/lib/jvm/java-8-openjdk-amd64/jre/lib/ext/icedtea-sound.jar
7f2c281fd000-7f2c28218000 r--s 00394000 08:02 18880492                   /usr/lib/jvm/java-8-openjdk-amd64/jre/lib/ext/cldrdata.jar
7f2c28218000-7f2c28219000 r--s 00010000 08:02 18880501                   /usr/lib/jvm/java-8-openjdk-amd64/jre/lib/ext/zipfs.jar
7f2c28219000-7f2c28234000 r--s 001d6000 08:02 18880497                   /usr/lib/jvm/java-8-openjdk-amd64/jre/lib/ext/nashorn.jar
7f2c28234000-7f2c282dd000 rw-p 00000000 00:00 0 
7f2c282dd000-7f2c282de000 ---p 00000000 00:00 0 
7f2c282de000-7f2c282e1000 ---p 00000000 00:00 0 
7f2c282e1000-7f2c283e0000 rw-p 00000000 00:00 0 
7f2c283e0000-7f2c283e1000 r--s 0000a000 08:02 18880495                   /usr/lib/jvm/java-8-openjdk-amd64/jre/lib/ext/jaccess.jar
7f2c283e1000-7f2c283e3000 r--s 00007000 08:02 19270055                   /usr/share/java/java-atk-wrapper.jar
7f2c283e3000-7f2c283e6000 r--s 00039000 08:02 18880500                   /usr/lib/jvm/java-8-openjdk-amd64/jre/lib/ext/sunpkcs11.jar
7f2c283e6000-7f2c283e8000 r--s 00008000 08:02 18880498                   /usr/lib/jvm/java-8-openjdk-amd64/jre/lib/ext/sunec.jar
7f2c283e8000-7f2c283ed000 r--s 0003c000 08:02 18880499                   /usr/lib/jvm/java-8-openjdk-amd64/jre/lib/ext/sunjce_provider.jar
7f2c283ed000-7f2c283f5000 rw-s 00000000 08:02 26870069                   /tmp/hsperfdata_walid/16627
7f2c283f5000-7f2c283f6000 rw-p 00000000 00:00 0 
7f2c283f6000-7f2c283f7000 ---p 00000000 00:00 0 
7f2c283f7000-7f2c283f9000 rw-p 00000000 00:00 0 
7f2c283f9000-7f2c283fa000 r--p 00027000 08:02 31199892                   /lib/x86_64-linux-gnu/ld-2.27.so
7f2c283fa000-7f2c283fb000 rw-p 00028000 08:02 31199892                   /lib/x86_64-linux-gnu/ld-2.27.so
7f2c283fb000-7f2c283fc000 rw-p 00000000 00:00 0 
7ffc7d2ed000-7ffc7d312000 rw-p 00000000 00:00 0                          [stack]
7ffc7d342000-7ffc7d345000 r--p 00000000 00:00 0                          [vvar]
7ffc7d345000-7ffc7d347000 r-xp 00000000 00:00 0                          [vdso]
ffffffffff600000-ffffffffff601000 r-xp 00000000 00:00 0                  [vsyscall]

VM Arguments:
jvm_args: -javaagent:/snap/intellij-idea-community/177/lib/idea_rt.jar=45555:/snap/intellij-idea-community/177/bin -Dfile.encoding=UTF-8 
java_command: walid
java_class_path (initial): /usr/lib/jvm/java-8-openjdk-amd64/jre/lib/charsets.jar:/usr/lib/jvm/java-8-openjdk-amd64/jre/lib/ext/cldrdata.jar:/usr/lib/jvm/java-8-openjdk-amd64/jre/lib/ext/dnsns.jar:/usr/lib/jvm/java-8-openjdk-amd64/jre/lib/ext/icedtea-sound.jar:/usr/lib/jvm/java-8-openjdk-amd64/jre/lib/ext/jaccess.jar:/usr/lib/jvm/java-8-openjdk-amd64/jre/lib/ext/java-atk-wrapper.jar:/usr/lib/jvm/java-8-openjdk-amd64/jre/lib/ext/localedata.jar:/usr/lib/jvm/java-8-openjdk-amd64/jre/lib/ext/nashorn.jar:/usr/lib/jvm/java-8-openjdk-amd64/jre/lib/ext/sunec.jar:/usr/lib/jvm/java-8-openjdk-amd64/jre/lib/ext/sunjce_provider.jar:/usr/lib/jvm/java-8-openjdk-amd64/jre/lib/ext/sunpkcs11.jar:/usr/lib/jvm/java-8-openjdk-amd64/jre/lib/ext/zipfs.jar:/usr/lib/jvm/java-8-openjdk-amd64/jre/lib/jce.jar:/usr/lib/jvm/java-8-openjdk-amd64/jre/lib/jsse.jar:/usr/lib/jvm/java-8-openjdk-amd64/jre/lib/management-agent.jar:/usr/lib/jvm/java-8-openjdk-amd64/jre/lib/resources.jar:/usr/lib/jvm/java-8-openjdk-amd64/jre/lib/rt.jar:/home/walid/IdeaProjects/untitled9/target/scala-2.11/classes:/home/walid/.ivy2/cache/aopalliance/aopalliance/jars/aopalliance-1.0.jar:/home/walid/.ivy2/cache/org.scala-lang.modules/scala-xml_2.11/bundles/scala-xml_2.11-1.0.1.jar:/home/walid/.ivy2/cache/org.scala-lang/scalap/jars/scalap-2.11.0.jar:/home/walid/.ivy2/cache/org.scala-lang/scala-reflect/jars/scala-reflect-2.11.0.jar:/home/walid/.ivy2/cache/org.scala-lang/scala-library/jars/scala-library-2.11.0.jar:/home/walid/.ivy2/cache/org.scala-lang/scala-compiler/jars/scala-compiler-2.11.0.jar:/home/walid/.ivy2/cache/mysql/mysql-connector-java/jars/mysql-connector-java-5.1.44.jar:/home/walid/.ivy2/cache/com.carrotsearch/hppc/bundles/hppc-0.7.2.jar:/home/walid/.ivy2/cache/com.clearspring.analytics/stream/jars/stream-2.7.0.jar:/home/walid/.ivy2/cache/com.esotericsoftware/kryo-shaded/bundles/kryo-shaded-3.0.3.jar:/home/walid/.ivy2/cache/com.esotericsoftware/minlog/bundles/minlog-1.3.0.jar:/home/walid/.ivy2/cache/com.fasterxml
Launcher Type: SUN_STANDARD

Environment Variables:
PATH=/usr/local/sbin:/usr/local/bin:/usr/sbin:/usr/bin:/sbin:/bin:/usr/games:/usr/local/games:/snap/bin
USERNAME=walid
SHELL=/bin/bash
DISPLAY=:0

Signal Handlers:
SIGSEGV: [libjvm.so+0xab5000], sa_mask[0]=11111111011111111101111111111110, sa_flags=SA_RESTART|SA_SIGINFO
SIGBUS: [libjvm.so+0xab5000], sa_mask[0]=11111111011111111101111111111110, sa_flags=SA_RESTART|SA_SIGINFO
SIGFPE: [libjvm.so+0x8ea970], sa_mask[0]=11111111011111111101111111111110, sa_flags=SA_RESTART|SA_SIGINFO
SIGPIPE: [libjvm.so+0x8ea970], sa_mask[0]=11111111011111111101111111111110, sa_flags=SA_RESTART|SA_SIGINFO
SIGXFSZ: [libjvm.so+0x8ea970], sa_mask[0]=11111111011111111101111111111110, sa_flags=SA_RESTART|SA_SIGINFO
SIGILL: [libjvm.so+0x8ea970], sa_mask[0]=11111111011111111101111111111110, sa_flags=SA_RESTART|SA_SIGINFO
SIGUSR1: SIG_DFL, sa_mask[0]=00000000000000000000000000000000, sa_flags=none
SIGUSR2: [libjvm.so+0x8ea820], sa_mask[0]=00100000000000000000000000000000, sa_flags=SA_RESTART|SA_SIGINFO
SIGHUP: [libjvm.so+0x8eae90], sa_mask[0]=11111111011111111101111111111110, sa_flags=SA_RESTART|SA_SIGINFO
SIGINT: [libjvm.so+0x8eae90], sa_mask[0]=11111111011111111101111111111110, sa_flags=SA_RESTART|SA_SIGINFO
SIGTERM: [libjvm.so+0x8eae90], sa_mask[0]=11111111011111111101111111111110, sa_flags=SA_RESTART|SA_SIGINFO
SIGQUIT: [libjvm.so+0x8eae90], sa_mask[0]=11111111011111111101111111111110, sa_flags=SA_RESTART|SA_SIGINFO


---------------  S Y S T E M  ---------------

OS:DISTRIB_ID=Ubuntu
DISTRIB_RELEASE=18.04
DISTRIB_CODENAME=bionic
DISTRIB_DESCRIPTION="Ubuntu 18.04.2 LTS"

uname:Linux 4.18.0-18-generic #19~18.04.1-Ubuntu SMP Fri Apr 5 10:22:13 UTC 2019 x86_64
libc:glibc 2.27 NPTL 2.27 
rlimit: STACK 8192k, CORE 0k, NPROC 63500, NOFILE 1048576, AS infinity
load average:6,47 4,26 3,24

/proc/meminfo:
MemTotal:       16345180 kB
MemFree:          156064 kB
MemAvailable:      60368 kB
Buffers:           16360 kB
Cached:           253828 kB
SwapCached:        15100 kB
Active:          4789160 kB
Inactive:         820668 kB
Active(anon):    4752100 kB
Inactive(anon):   777404 kB
Active(file):      37060 kB
Inactive(file):    43264 kB
Unevictable:          64 kB
Mlocked:              64 kB
SwapTotal:       2097148 kB
SwapFree:              0 kB
Dirty:               104 kB
Writeback:             0 kB
AnonPages:       5326168 kB
Mapped:         10220988 kB
Shmem:            188996 kB
Slab:             285272 kB
SReclaimable:      70548 kB
SUnreclaim:       214724 kB
KernelStack:       19792 kB
PageTables:       102500 kB
NFS_Unstable:          0 kB
Bounce:                0 kB
WritebackTmp:          0 kB
CommitLimit:    10269736 kB
Committed_AS:   25699624 kB
VmallocTotal:   34359738367 kB
VmallocUsed:           0 kB
VmallocChunk:          0 kB
HardwareCorrupted:     0 kB
AnonHugePages:         0 kB
ShmemHugePages:        0 kB
ShmemPmdMapped:        0 kB
CmaTotal:              0 kB
CmaFree:               0 kB
HugePages_Total:       0
HugePages_Free:        0
HugePages_Rsvd:        0
HugePages_Surp:        0
Hugepagesize:       2048 kB
Hugetlb:               0 kB
DirectMap4k:      728888 kB
DirectMap2M:    14919680 kB
DirectMap1G:     2097152 kB

container (cgroup) information:
container_type: cgroupv1
cpu_cpuset_cpus: 0-3
cpu_memory_nodes: 0
active_processor_count: 4
cpu_quota: -1
cpu_period: 100000
cpu_shares: -1
memory_limit_in_bytes: -1
memory_and_swap_limit_in_bytes: -2
memory_soft_limit_in_bytes: -1
memory_usage_in_bytes: 5799751680
memory_max_usage_in_bytes: 10240946176


CPU:total 4 (initial active 4) (2 cores per cpu, 2 threads per core) family 6 model 69 stepping 1, cmov, cx8, fxsr, mmx, sse, sse2, sse3, ssse3, sse4.1, sse4.2, popcnt, avx, avx2, aes, clmul, erms, lzcnt, ht, tsc, tscinvbit, bmi1, bmi2

/proc/cpuinfo:
processor	: 0
vendor_id	: GenuineIntel
cpu family	: 6
model		: 69
model name	: Intel(R) Core(TM) i5-4200U CPU @ 1.60GHz
stepping	: 1
microcode	: 0x24
cpu MHz		: 1215.585
cache size	: 3072 KB
physical id	: 0
siblings	: 4
core id		: 0
cpu cores	: 2
apicid		: 0
initial apicid	: 0
fpu		: yes
fpu_exception	: yes
cpuid level	: 13
wp		: yes
flags		: fpu vme de pse tsc msr pae mce cx8 apic sep mtrr pge mca cmov pat pse36 clflush dts acpi mmx fxsr sse sse2 ss ht tm pbe syscall nx pdpe1gb rdtscp lm constant_tsc arch_perfmon pebs bts rep_good nopl xtopology nonstop_tsc cpuid aperfmperf pni pclmulqdq dtes64 monitor ds_cpl vmx est tm2 ssse3 sdbg fma cx16 xtpr pdcm pcid sse4_1 sse4_2 movbe popcnt tsc_deadline_timer aes xsave avx f16c rdrand lahf_lm abm cpuid_fault epb invpcid_single pti ssbd ibrs ibpb stibp tpr_shadow vnmi flexpriority ept vpid fsgsbase tsc_adjust bmi1 avx2 smep bmi2 erms invpcid xsaveopt dtherm ida arat pln pts flush_l1d
bugs		: cpu_meltdown spectre_v1 spectre_v2 spec_store_bypass l1tf
bogomips	: 4589.14
clflush size	: 64
cache_alignment	: 64
address sizes	: 39 bits physical, 48 bits virtual
power management:

processor	: 1
vendor_id	: GenuineIntel
cpu family	: 6
model		: 69
model name	: Intel(R) Core(TM) i5-4200U CPU @ 1.60GHz
stepping	: 1
microcode	: 0x24
cpu MHz		: 1115.328
cache size	: 3072 KB
physical id	: 0
siblings	: 4
core id		: 1
cpu cores	: 2
apicid		: 2
initial apicid	: 2
fpu		: yes
fpu_exception	: yes
cpuid level	: 13
wp		: yes
flags		: fpu vme de pse tsc msr pae mce cx8 apic sep mtrr pge mca cmov pat pse36 clflush dts acpi mmx fxsr sse sse2 ss ht tm pbe syscall nx pdpe1gb rdtscp lm constant_tsc arch_perfmon pebs bts rep_good nopl xtopology nonstop_tsc cpuid aperfmperf pni pclmulqdq dtes64 monitor ds_cpl vmx est tm2 ssse3 sdbg fma cx16 xtpr pdcm pcid sse4_1 sse4_2 movbe popcnt tsc_deadline_timer aes xsave avx f16c rdrand lahf_lm abm cpuid_fault epb invpcid_single pti ssbd ibrs ibpb stibp tpr_shadow vnmi flexpriority ept vpid fsgsbase tsc_adjust bmi1 avx2 smep bmi2 erms invpcid xsaveopt dtherm ida arat pln pts flush_l1d
bugs		: cpu_meltdown spectre_v1 spectre_v2 spec_store_bypass l1tf
bogomips	: 4589.14
clflush size	: 64
cache_alignment	: 64
address sizes	: 39 bits physical, 48 bits virtual
power management:

processor	: 2
vendor_id	: GenuineIntel
cpu family	: 6
model		: 69
model name	: Intel(R) Core(TM) i5-4200U CPU @ 1.60GHz
stepping	: 1
microcode	: 0x24
cpu MHz		: 1154.118
cache size	: 3072 KB
physical id	: 0
siblings	: 4
core id		: 0
cpu cores	: 2
apicid		: 1
initial apicid	: 1
fpu		: yes
fpu_exception	: yes
cpuid level	: 13
wp		: yes
flags		: fpu vme de pse tsc msr pae mce cx8 apic sep mtrr pge mca cmov pat pse36 clflush dts acpi mmx fxsr sse sse2 ss ht tm pbe syscall nx pdpe1gb rdtscp lm constant_tsc arch_perfmon pebs bts rep_good nopl xtopology nonstop_tsc cpuid aperfmperf pni pclmulqdq dtes64 monitor ds_cpl vmx est tm2 ssse3 sdbg fma cx16 xtpr pdcm pcid sse4_1 sse4_2 movbe popcnt tsc_deadline_timer aes xsave avx f16c rdrand lahf_lm abm cpuid_fault epb invpcid_single pti ssbd ibrs ibpb stibp tpr_shadow vnmi flexpriority ept vpid fsgsbase tsc_adjust bmi1 avx2 smep bmi2 erms invpcid xsaveopt dtherm ida arat pln pts flush_l1d
bugs		: cpu_meltdown spectre_v1 spectre_v2 spec_store_bypass l1tf
bogomips	: 4589.14
clflush size	: 64
cache_alignment	: 64
address sizes	: 39 bits physical, 48 bits virtual
power management:

processor	: 3
vendor_id	: GenuineIntel
cpu family	: 6
model		: 69
model name	: Intel(R) Core(TM) i5-4200U CPU @ 1.60GHz
stepping	: 1
microcode	: 0x24
cpu MHz		: 922.956
cache size	: 3072 KB
physical id	: 0
siblings	: 4
core id		: 1
cpu cores	: 2
apicid		: 3
initial apicid	: 3
fpu		: yes
fpu_exception	: yes
cpuid level	: 13
wp		: yes
flags		: fpu vme de pse tsc msr pae mce cx8 apic sep mtrr pge mca cmov pat pse36 clflush dts acpi mmx fxsr sse sse2 ss ht tm pbe syscall nx pdpe1gb rdtscp lm constant_tsc arch_perfmon pebs bts rep_good nopl xtopology nonstop_tsc cpuid aperfmperf pni pclmulqdq dtes64 monitor ds_cpl vmx est tm2 ssse3 sdbg fma cx16 xtpr pdcm pcid sse4_1 sse4_2 movbe popcnt tsc_deadline_timer aes xsave avx f16c rdrand lahf_lm abm cpuid_fault epb invpcid_single pti ssbd ibrs ibpb stibp tpr_shadow vnmi flexpriority ept vpid fsgsbase tsc_adjust bmi1 avx2 smep bmi2 erms invpcid xsaveopt dtherm ida arat pln pts flush_l1d
bugs		: cpu_meltdown spectre_v1 spectre_v2 spec_store_bypass l1tf
bogomips	: 4589.14
clflush size	: 64
cache_alignment	: 64
address sizes	: 39 bits physical, 48 bits virtual
power management:



Memory: 4k page, physical 16345180k(156064k free), swap 2097148k(0k free)

vm_info: OpenJDK 64-Bit Server VM (25.212-b03) for linux-amd64 JRE (1.8.0_212-8u212-b03-0ubuntu1.18.04.1-b03), built on Apr 26 2019 01:04:36 by "buildd" with gcc 7.3.0

time: Wed Oct 23 16:11:16 2019
timezone: CEST
elapsed time: 133 seconds (0d 0h 2m 13s)

